#
# A fatal error has been detected by the Java Runtime Environment:
#
#  EXCEPTION_ACCESS_VIOLATION (0xc0000005) at pc=0x000002ca882774f5, pid=2980, tid=27620
#
# JRE version: OpenJDK Runtime Environment Temurin-17.0.3+7 (17.0.3+7) (build 17.0.3+7)
# Java VM: OpenJDK 64-Bit Server VM Temurin-17.0.3+7 (17.0.3+7, mixed mode, sharing, tiered, compressed oops, compressed class ptrs, g1 gc, windows-amd64)
# Problematic frame:
# J 647 c1 org.lwjgl.system.MemoryUtil.strlen64NT1(JI)I (119 bytes) @ 0x000002ca882774f5 [0x000002ca882771a0+0x0000000000000355]
#
# No core dump will be written. Minidumps are not enabled by default on client versions of Windows
#
# If you would like to submit a bug report, please visit:
#   https://github.com/adoptium/adoptium-support/issues
#

---------------  S U M M A R Y ------------

Command Line: -agentlib:jdwp=transport=dt_socket,server=n,suspend=y,address=localhost:55467 -XX:+ShowCodeDetailsInExceptionMessages de.kostari.demo.sandv1.App

Host: AMD Ryzen 7 5800X 8-Core Processor             , 16 cores, 31G,  Windows 10 , 64 bit Build 19041 (10.0.19041.1806)
Time: Mon Aug  8 18:21:59 2022 Mitteleuropäische Sommerzeit elapsed time: 2.536004 seconds (0d 0h 0m 2s)

---------------  T H R E A D  ---------------

Current thread (0x000002cafa223330):  JavaThread "main" [_thread_in_Java, id=27620, stack(0x000000cbb6d00000,0x000000cbb6e00000)]

Stack: [0x000000cbb6d00000,0x000000cbb6e00000],  sp=0x000000cbb6dfe080,  free space=1016k
Native frames: (J=compiled Java code, j=interpreted, Vv=VM code, C=native code)
C  0x000002ca882774f5


siginfo: EXCEPTION_ACCESS_VIOLATION (0xc0000005), reading address 0x00001655bc8c3580


Register to memory mapping:

RIP=0x000002ca882774f5 is at entry_point+853 in (nmethod*)0x000002ca88276f90
RAX=0x0 is NULL
RBX=0x00001655bc8c3580 is an unknown value
RCX=0x0000000000005aae is an unknown value
RDX=0x00001655bc8c3580 is an unknown value
RSP=0x000000cbb6dfe080 is pointing into the stack for thread: 0x000002cafa223330
RBP=0x000000cbb6dfe208 is pointing into the stack for thread: 0x000002cafa223330
RSI=0x0 is NULL
RDI=0x0 is NULL
R8 =0x000000007fffffff is an unknown value
R9 =0x0000000000000003 is an unknown value
R10=0x00007fff0de4d440 jvm.dll
R11=0x000002ca882763e0 is at entry_point+0 in (nmethod*)0x000002ca88276210
R12=0x0 is NULL
R13=0x000000cbb6dfe198 is pointing into the stack for thread: 0x000002cafa223330
R14=0x000000cbb6dfe220 is pointing into the stack for thread: 0x000002cafa223330
R15=0x000002cafa223330 is a thread


Registers:
RAX=0x0000000000000000, RBX=0x00001655bc8c3580, RCX=0x0000000000005aae, RDX=0x00001655bc8c3580
RSP=0x000000cbb6dfe080, RBP=0x000000cbb6dfe208, RSI=0x0000000000000000, RDI=0x0000000000000000
R8 =0x000000007fffffff, R9 =0x0000000000000003, R10=0x00007fff0de4d440, R11=0x000002ca882763e0
R12=0x0000000000000000, R13=0x000000cbb6dfe198, R14=0x000000cbb6dfe220, R15=0x000002cafa223330
RIP=0x000002ca882774f5, EFLAGS=0x0000000000010202

Top of Stack: (sp=0x000000cbb6dfe080)
0x000000cbb6dfe080:   000097010000001e 000002cafa20dfc0
0x000000cbb6dfe090:   000000000000001e 00007fff0dabaa56
0x000000cbb6dfe0a0:   000000cbb6dfe189 00007fff0d3e488a
0x000000cbb6dfe0b0:   000002cafa223330 00000000c268b7bb
0x000000cbb6dfe0c0:   000000000000001e 00007fff0d8ec2b9
0x000000cbb6dfe0d0:   000002cafa223330 00007fff0d8ec207
0x000000cbb6dfe0e0:   7fffffffaa29ab78 00001655bc8c3580
0x000000cbb6dfe0f0:   0000000000000000 0000000000000000
0x000000cbb6dfe100:   000000cbb6dfe208 000002ca882764e4
0x000000cbb6dfe110:   3ff0000000000000 000002cafa223330
0x000000cbb6dfe120:   000000000000001e 000002ca87a1a42c
0x000000cbb6dfe130:   000002caaa03fdd0 000002cafa223330
0x000000cbb6dfe140:   000002cafa223330 0000000800644a4a
0x000000cbb6dfe150:   000000cbb6dfe220 00007fff7fffffff
0x000000cbb6dfe160:   00001655bc8c3580 0000000602b727c0
0x000000cbb6dfe170:   000002caaa03fdd0 0000000000000000 

Instructions: (pc=0x000002ca882774f5)
0x000002ca882773f5:   00 00 0f 8c 0a 00 00 00 48 b9 50 01 00 00 00 00
0x000002ca88277405:   00 00 4c 8b 0c 08 4d 8d 49 01 4c 89 0c 08 0f 8c
0x000002ca88277415:   6f fe ff ff 48 8b fb e9 87 01 00 00 0f 1f 80 00
0x000002ca88277425:   00 00 00 48 bb 10 ed 12 aa ca 02 00 00 48 8d 9b
0x000002ca88277435:   50 02 00 00 48 b8 00 00 00 00 00 00 00 00 48 85
0x000002ca88277445:   c0 75 07 48 83 4b 08 01 eb 52 8b 40 08 49 ba 00
0x000002ca88277455:   00 00 00 08 00 00 00 49 03 c2 48 33 43 08 48 f7
0x000002ca88277465:   c0 fc ff ff ff 74 35 48 f7 c0 02 00 00 00 75 2c
0x000002ca88277475:   48 81 7b 08 00 00 00 00 74 1e 48 81 7b 08 01 00
0x000002ca88277485:   00 00 74 14 48 33 43 08 48 f7 c0 fc ff ff ff 74
0x000002ca88277495:   0b 48 83 4b 08 02 eb 04 48 89 43 08 48 bb a8 a0
0x000002ca882774a5:   88 02 06 00 00 00 48 b8 10 ed 12 aa ca 02 00 00
0x000002ca882774b5:   48 83 80 18 02 00 00 01 48 63 df 48 03 da 48 b8
0x000002ca882774c5:   90 8d d1 a9 ca 02 00 00 8b 88 cc 00 00 00 83 c1
0x000002ca882774d5:   02 89 88 cc 00 00 00 81 e1 fe ff 1f 00 83 f9 00
0x000002ca882774e5:   0f 84 6c 03 00 00 48 b8 00 00 00 00 00 00 00 00
0x000002ca882774f5:   48 8b 0c 18 48 bb 10 ed 12 aa ca 02 00 00 48 83
0x000002ca88277505:   83 68 02 00 00 01 48 8b d1 89 7c 24 60 0f 1f 44
0x000002ca88277515:   00 00 e8 04 e4 ff ff 83 f8 00 48 b8 10 ed 12 aa
0x000002ca88277525:   ca 02 00 00 48 be 88 02 00 00 00 00 00 00 0f 85
0x000002ca88277535:   0a 00 00 00 48 be 78 02 00 00 00 00 00 00 48 8b
0x000002ca88277545:   3c 30 48 8d 7f 01 48 89 3c 30 8b 7c 24 60 0f 85
0x000002ca88277555:   9f 00 00 00 83 c7 08 48 b8 10 ed 12 aa ca 02 00
0x000002ca88277565:   00 8b b0 d0 00 00 00 83 c6 02 89 b0 d0 00 00 00
0x000002ca88277575:   81 e6 fe 3f 00 00 83 fe 00 0f 84 f4 02 00 00 4d
0x000002ca88277585:   8b 97 48 03 00 00 41 85 02 48 b8 10 ed 12 aa ca
0x000002ca88277595:   02 00 00 ff 80 b0 02 00 00 44 8b 44 24 64 48 8b
0x000002ca882775a5:   54 24 68 49 8b d8 83 eb 08 3b fb 48 bb 10 ed 12
0x000002ca882775b5:   aa ca 02 00 00 48 b8 08 02 00 00 00 00 00 00 0f
0x000002ca882775c5:   8e 0a 00 00 00 48 b8 f8 01 00 00 00 00 00 00 48
0x000002ca882775d5:   8b 0c 03 48 8d 49 01 48 89 0c 03 0f 8e 42 fe ff
0x000002ca882775e5:   ff 48 8b f7 44 8b 44 24 64 48 8b 54 24 68 e9 7c 


Stack slot to memory mapping:
stack at sp + 0 slots: 0x000097010000001e is an unknown value
stack at sp + 1 slots: 0x000002cafa20dfc0 points into unknown readable memory: 0x000002caa963c780 | 80 c7 63 a9 ca 02 00 00
stack at sp + 2 slots: 0x000000000000001e is an unknown value
stack at sp + 3 slots: 0x00007fff0dabaa56 jvm.dll
stack at sp + 4 slots: 0x000000cbb6dfe189 is pointing into the stack for thread: 0x000002cafa223330
stack at sp + 5 slots: 0x00007fff0d3e488a jvm.dll
stack at sp + 6 slots: 0x000002cafa223330 is a thread
stack at sp + 7 slots: 3261642683 is a compressed pointer to object: [B 
{0x000000061345bdd8} - klass: {type array byte}
 - length: 14

--------------------------------------------------------------------------------
[Constant Pool (empty)]

--------------------------------------------------------------------------------

[MachCode]
  0x000002ca882771a0: 8984 2400 | 90ff ff55 | 4881 ec80 | 0000 0048 | 8954 2468 | 4489 4424 | 6448 be10 | ed12 aaca 
  0x000002ca882771c0: 0200 008b | becc 0000 | 0083 c702 | 89be cc00 | 0000 81e7 | fe07 0000 | 83ff 000f | 8413 0600 
  0x000002ca882771e0: 0041 83f8 | 0848 be10 | ed12 aaca | 0200 0048 | bf20 0100 | 0000 0000 | 000f 8d0a | 0000 0048 
  0x000002ca88277200: bf10 0100 | 0000 0000 | 0048 8b1c | 3e48 8d5b | 0148 891c | 3e0f 8d0a | 0000 00be | 0000 0000 
  0x000002ca88277220: e94f 0500 | 008b f283 | e607 8974 | 2470 83fe | 0048 bf10 | ed12 aaca | 0200 0048 | bb40 0100 
  0x000002ca88277240: 0000 0000 | 000f 850a | 0000 0048 | bb30 0100 | 0000 0000 | 0048 8b04 | 1f48 8d40 | 0148 8904 
  0x000002ca88277260: 1f0f 850a | 0000 00bf | 0000 0000 | e937 0300 | 00bf 0800 | 0000 2bfe | bb00 0000 | 00e9 5f01 
  0x000002ca88277280: 0000 660f | 1f44 0000 | 48b8 10ed | 12aa ca02 | 0000 488d | 80a8 0100 | 0048 b900 | 0000 0000 
  0x000002ca882772a0: 0000 0048 | 85c9 7507 | 4883 4808 | 01eb 528b | 4908 49ba | 0000 0000 | 0800 0000 | 4903 ca48 
  0x000002ca882772c0: 3348 0848 | f7c1 fcff | ffff 7435 | 48f7 c102 | 0000 0075 | 2c48 8178 | 0800 0000 | 0074 1e48 
  0x000002ca882772e0: 8178 0801 | 0000 0074 | 1448 3348 | 0848 f7c1 | fcff ffff | 740b 4883 | 4808 02eb | 0448 8948 
  0x000002ca88277300: 0848 b8a8 | a088 0206 | 0000 0048 | b910 ed12 | aaca 0200 | 0048 8381 | 7001 0000 | 0148 63c3 
  0x000002ca88277320: 4803 c248 | b940 18d3 | a9ca 0200 | 0044 8b89 | cc00 0000 | 4183 c102 | 4489 89cc | 0000 0041 
  0x000002ca88277340: 81e1 feff | 1f00 4183 | f900 0f84 | c504 0000 | 48b9 0000 | 0000 0000 | 0000 0fbe | 0401 c1e0 
  0x000002ca88277360: 18c1 f818 | 83f8 0048 | b810 ed12 | aaca 0200 | 0048 b9d0 | 0100 0000 | 0000 000f | 840a 0000 
  0x000002ca88277380: 0048 b9c0 | 0100 0000 | 0000 004c | 8b0c 084d | 8d49 014c | 890c 080f | 843e 0400 | 00ff c348 
  0x000002ca882773a0: b810 ed12 | aaca 0200 | 008b 88d0 | 0000 0083 | c102 8988 | d000 0000 | 81e1 fe3f | 0000 83f9 
  0x000002ca882773c0: 000f 846f | 0400 004d | 8b97 4803 | 0000 4185 | 0248 b810 | ed12 aaca | 0200 00ff | 80e0 0100 
  0x000002ca882773e0: 003b df48 | b810 ed12 | aaca 0200 | 0048 b960 | 0100 0000 | 0000 000f | 8c0a 0000 | 0048 b950 
  0x000002ca88277400: 0100 0000 | 0000 004c | 8b0c 084d | 8d49 014c | 890c 080f | 8c6f feff | ff48 8bfb | e987 0100 
  0x000002ca88277420: 000f 1f80 | 0000 0000 | 48bb 10ed | 12aa ca02 | 0000 488d | 9b50 0200 | 0048 b800 | 0000 0000 
  0x000002ca88277440: 0000 0048 | 85c0 7507 | 4883 4b08 | 01eb 528b | 4008 49ba | 0000 0000 | 0800 0000 | 4903 c248 
  0x000002ca88277460: 3343 0848 | f7c0 fcff | ffff 7435 | 48f7 c002 | 0000 0075 | 2c48 817b | 0800 0000 | 0074 1e48 
  0x000002ca88277480: 817b 0801 | 0000 0074 | 1448 3343 | 0848 f7c0 | fcff ffff | 740b 4883 | 4b08 02eb | 0448 8943 
  0x000002ca882774a0: 0848 bba8 | a088 0206 | 0000 0048 | b810 ed12 | aaca 0200 | 0048 8380 | 1802 0000 | 0148 63df 
  0x000002ca882774c0: 4803 da48 | b890 8dd1 | a9ca 0200 | 008b 88cc | 0000 0083 | c102 8988 | cc00 0000 | 81e1 feff 
  0x000002ca882774e0: 1f00 83f9 | 000f 846c | 0300 0048 | b800 0000 | 0000 0000 | 0048 8b0c | 1848 bb10 | ed12 aaca 
  0x000002ca88277500: 0200 0048 | 8383 6802 | 0000 0148 | 8bd1 897c | 2460 0f1f | 4400 00e8 | 04e4 ffff | 83f8 0048 
  0x000002ca88277520: b810 ed12 | aaca 0200 | 0048 be88 | 0200 0000 | 0000 000f | 850a 0000 | 0048 be78 | 0200 0000 
  0x000002ca88277540: 0000 0048 | 8b3c 3048 | 8d7f 0148 | 893c 308b | 7c24 600f | 859f 0000 | 0083 c708 | 48b8 10ed 
  0x000002ca88277560: 12aa ca02 | 0000 8bb0 | d000 0000 | 83c6 0289 | b0d0 0000 | 0081 e6fe | 3f00 0083 | fe00 0f84 
  0x000002ca88277580: f402 0000 | 4d8b 9748 | 0300 0041 | 8502 48b8 | 10ed 12aa | ca02 0000 | ff80 b002 | 0000 448b 
  0x000002ca882775a0: 4424 6448 | 8b54 2468 | 498b d883 | eb08 3bfb | 48bb 10ed | 12aa ca02 | 0000 48b8 | 0802 0000 
  0x000002ca882775c0: 0000 0000 | 0f8e 0a00 | 0000 48b8 | f801 0000 | 0000 0000 | 488b 0c03 | 488d 4901 | 4889 0c03 
  0x000002ca882775e0: 0f8e 42fe | ffff 488b | f744 8b44 | 2464 488b | 5424 68e9 | 7c01 0000 | 48b8 10ed | 12aa ca02 
  0x000002ca88277600: 0000 ff80 | 9802 0000 | 488b f744 | 8b44 2464 | 488b 5424 | 68e9 5a01 | 0000 660f | 1f44 0000 
  0x000002ca88277620: 48b8 10ed | 12aa ca02 | 0000 488d | 8020 0300 | 0048 bf00 | 0000 0000 | 0000 0048 | 85ff 7507 
  0x000002ca88277640: 4883 4808 | 01eb 528b | 7f08 49ba | 0000 0000 | 0800 0000 | 4903 fa48 | 3378 0848 | f7c7 fcff 
  0x000002ca88277660: ffff 7435 | 48f7 c702 | 0000 0075 | 2c48 8178 | 0800 0000 | 0074 1e48 | 8178 0801 | 0000 0074 
  0x000002ca88277680: 1448 3378 | 0848 f7c7 | fcff ffff | 740b 4883 | 4808 02eb | 0448 8978 | 0848 b8a8 | a088 0206 
  0x000002ca882776a0: 0000 0048 | bf10 ed12 | aaca 0200 | 0048 8387 | e802 0000 | 0148 63c6 | 4803 c248 | bf40 18d3 
  0x000002ca882776c0: a9ca 0200 | 008b 9fcc | 0000 0083 | c302 899f | cc00 0000 | 81e3 feff | 1f00 83fb | 000f 84b6 
  0x000002ca882776e0: 0100 0048 | bf00 0000 | 0000 0000 | 000f be04 | 07c1 e018 | c1f8 1883 | f800 48b8 | 10ed 12aa 
  0x000002ca88277700: ca02 0000 | 48bf 4803 | 0000 0000 | 0000 0f84 | 0a00 0000 | 48bf 3803 | 0000 0000 | 0000 488b 
  0x000002ca88277720: 1c38 488d | 5b01 4889 | 1c38 0f84 | 8200 0000 | ffc6 48b8 | 10ed 12aa | ca02 0000 | 8bb8 d000 
  0x000002ca88277740: 0000 83c7 | 0289 b8d0 | 0000 0081 | e7fe 3f00 | 0083 ff00 | 0f84 6001 | 0000 4d8b | 9748 0300 
  0x000002ca88277760: 0041 8502 | 48b8 10ed | 12aa ca02 | 0000 ff80 | 7003 0000 | 413b f048 | b810 ed12 | aaca 0200 
  0x000002ca88277780: 0048 bfc8 | 0200 0000 | 0000 000f | 8d0a 0000 | 0048 bfd8 | 0200 0000 | 0000 0048 | 8b1c 3848 
  0x000002ca882777a0: 8d5b 0148 | 891c 380f | 8d15 0000 | 00e9 6efe | ffff 48b8 | 10ed 12aa | ca02 0000 | ff80 5803 
  0x000002ca882777c0: 0000 488b | c648 81c4 | 8000 0000 | 5d49 3ba7 | 4003 0000 | 0f87 0101 | 0000 c348 | 8bc3 4881 
  0x000002ca882777e0: c480 0000 | 005d 493b | a740 0300 | 000f 87fe | 0000 00c3 | 49ba 90e9 | 03aa ca02 | 0000 4c89 
  0x000002ca88277800: 5424 0848 | c704 24ff | ffff ffe8 | 704c 8aff | e9cc f9ff | ff49 ba10 | 55ce a9ca | 0200 004c 
  0x000002ca88277820: 8954 2408 | 48c7 0424 | ffff ffff | e84f 4c8a | ffe9 1afb | ffff 49ba | 90e9 03aa | ca02 0000 
  0x000002ca88277840: 4c89 5424 | 0848 c704 | 2434 0000 | 00e8 2e4c | 8aff e970 | fbff ff49 | ba50 5ace | a9ca 0200 
  0x000002ca88277860: 004c 8954 | 2408 48c7 | 0424 ffff | ffff e80d | 4c8a ffe9 | 73fc ffff | 49ba 90e9 | 03aa ca02 
  0x000002ca88277880: 0000 4c89 | 5424 0848 | c704 2456 | 0000 00e8 | ec4b 8aff | e9eb fcff | ff49 ba10 | 55ce a9ca 
  0x000002ca882778a0: 0200 004c | 8954 2408 | 48c7 0424 | ffff ffff | e8cb 4b8a | ffe9 29fe | ffff 49ba | 90e9 03aa 
  0x000002ca882778c0: ca02 0000 | 4c89 5424 | 0848 c704 | 2472 0000 | 00e8 aa4b | 8aff e97f | feff ff49 | bacd 7727 
  0x000002ca882778e0: 88ca 0200 | 004d 8997 | 5803 0000 | e90f bb7e | ff49 bae6 | 7727 88ca | 0200 004d | 8997 5803 
  0x000002ca88277900: 0000 e9f9 | ba7e ff90 | 9049 8b87 | d003 0000 | 49c7 87d0 | 0300 0000 | 0000 0049 | c787 d803 
  0x000002ca88277920: 0000 0000 | 0000 4881 | c480 0000 | 005d e94d | df89 fff4 | f4f4 f4f4 | f4f4 f4f4 | f4f4 f4f4 
  0x000002ca88277940: 0f1f 4400 | 0048 bb00 | 0000 0000 | 0000 00e9 | fbff ffff | e827 158a | ff48 b9a8 | 5dbe 0dff 
  0x000002ca88277960: 7f00 0048 | 83e4 f049 | ba50 a386 | 0dff 7f00 | 0041 ffd2 | f449 ba75 | 7927 88ca | 0200 0041 
  0x000002ca88277980: 52e9 1aad | 7eff f4f4 
[/MachCode]
--------------------------------------------------------------------------------


---------------  P R O C E S S  ---------------

Threads class SMR info:
_java_thread_list=0x000002cab4cc8eb0, length=20, elements={
0x000002cafa223330, 0x000002caa8d53510, 0x000002caa8d54380, 0x000002caa8d68770,
0x000002caa8d6b230, 0x000002caa8d6bbe0, 0x000002caa8d6c590, 0x000002caa8d70770,
0x000002caa8d71160, 0x000002caa8d7bb70, 0x000002caa96bb880, 0x000002caa96bcda0,
0x000002caa970e210, 0x000002caa97134d0, 0x000002caa97143f0, 0x000002caa971b2f0,
0x000002caa971e610, 0x000002cab1c05340, 0x000002cab1c12390, 0x000002cab4957070
}

Java Threads: ( => current thread )
=>0x000002cafa223330 JavaThread "main" [_thread_in_Java, id=27620, stack(0x000000cbb6d00000,0x000000cbb6e00000)]
  0x000002caa8d53510 JavaThread "Reference Handler" daemon [_thread_blocked, id=26748, stack(0x000000cbb7400000,0x000000cbb7500000)]
  0x000002caa8d54380 JavaThread "Finalizer" daemon [_thread_blocked, id=25396, stack(0x000000cbb7500000,0x000000cbb7600000)]
  0x000002caa8d68770 JavaThread "Signal Dispatcher" daemon [_thread_blocked, id=14036, stack(0x000000cbb7600000,0x000000cbb7700000)]
  0x000002caa8d6b230 JavaThread "Attach Listener" daemon [_thread_blocked, id=20820, stack(0x000000cbb7700000,0x000000cbb7800000)]
  0x000002caa8d6bbe0 JavaThread "Service Thread" daemon [_thread_blocked, id=12312, stack(0x000000cbb7800000,0x000000cbb7900000)]
  0x000002caa8d6c590 JavaThread "Monitor Deflation Thread" daemon [_thread_blocked, id=13388, stack(0x000000cbb7900000,0x000000cbb7a00000)]
  0x000002caa8d70770 JavaThread "C2 CompilerThread0" daemon [_thread_blocked, id=21172, stack(0x000000cbb7a00000,0x000000cbb7b00000)]
  0x000002caa8d71160 JavaThread "C1 CompilerThread0" daemon [_thread_blocked, id=16132, stack(0x000000cbb7b00000,0x000000cbb7c00000)]
  0x000002caa8d7bb70 JavaThread "Sweeper thread" daemon [_thread_blocked, id=8844, stack(0x000000cbb7c00000,0x000000cbb7d00000)]
  0x000002caa96bb880 JavaThread "C1 CompilerThread1" daemon [_thread_blocked, id=18036, stack(0x000000cbb7d00000,0x000000cbb7e00000)]
  0x000002caa96bcda0 JavaThread "C1 CompilerThread2" daemon [_thread_blocked, id=12056, stack(0x000000cbb7e00000,0x000000cbb7f00000)]
  0x000002caa970e210 JavaThread "JDWP Transport Listener: dt_socket" daemon [_thread_blocked, id=10096, stack(0x000000cbb7f00000,0x000000cbb8000000)]
  0x000002caa97134d0 JavaThread "JDWP Event Helper Thread" daemon [_thread_blocked, id=26744, stack(0x000000cbb8000000,0x000000cbb8100000)]
  0x000002caa97143f0 JavaThread "JDWP Command Reader" daemon [_thread_in_native, id=13188, stack(0x000000cbb8100000,0x000000cbb8200000)]
  0x000002caa971b2f0 JavaThread "Notification Thread" daemon [_thread_blocked, id=20556, stack(0x000000cbb8200000,0x000000cbb8300000)]
  0x000002caa971e610 JavaThread "Common-Cleaner" daemon [_thread_blocked, id=9152, stack(0x000000cbb8400000,0x000000cbb8500000)]
  0x000002cab1c05340 JavaThread "Java2D Disposer" daemon [_thread_blocked, id=24200, stack(0x000000cbb9000000,0x000000cbb9100000)]
  0x000002cab1c12390 JavaThread "AWT-Windows" daemon [_thread_in_native, id=16152, stack(0x000000cbb9200000,0x000000cbb9300000)]
  0x000002cab4957070 JavaThread "C1 CompilerThread3" daemon [_thread_blocked, id=6952, stack(0x000000cbb8e00000,0x000000cbb8f00000)]

Other Threads:
  0x000002caa8d4c900 VMThread "VM Thread" [stack: 0x000000cbb7300000,0x000000cbb7400000] [id=272] _threads_hazard_ptr=0x000002cab4cc8eb0
  0x000002caa8bbac80 WatcherThread [stack: 0x000000cbb8300000,0x000000cbb8400000] [id=4960]
  0x000002cafa2d0b00 GCTaskThread "GC Thread#0" [stack: 0x000000cbb6e00000,0x000000cbb6f00000] [id=21860]
  0x000002cab4c40ef0 GCTaskThread "GC Thread#1" [stack: 0x000000cbb99d0000,0x000000cbb9ad0000] [id=15436]
  0x000002cab4c42f30 GCTaskThread "GC Thread#2" [stack: 0x000000cbb9ad0000,0x000000cbb9bd0000] [id=24120]
  0x000002cab4c42470 GCTaskThread "GC Thread#3" [stack: 0x000000cbb9bd0000,0x000000cbb9cd0000] [id=21096]
  0x000002cab4c429d0 GCTaskThread "GC Thread#4" [stack: 0x000000cbb9cd0000,0x000000cbb9dd0000] [id=26436]
  0x000002cab4c41700 GCTaskThread "GC Thread#5" [stack: 0x000000cbb9dd0000,0x000000cbb9ed0000] [id=22948]
  0x000002cab4c40990 GCTaskThread "GC Thread#6" [stack: 0x000000cbb9ed0000,0x000000cbb9fd0000] [id=1052]
  0x000002cab4c419b0 GCTaskThread "GC Thread#7" [stack: 0x000000cbb9fd0000,0x000000cbba0d0000] [id=10700]
  0x000002cab4c42720 GCTaskThread "GC Thread#8" [stack: 0x000000cbba0d0000,0x000000cbba1d0000] [id=5600]
  0x000002cab4c439f0 GCTaskThread "GC Thread#9" [stack: 0x000000cbba1d0000,0x000000cbba2d0000] [id=13432]
  0x000002cab4c411a0 GCTaskThread "GC Thread#10" [stack: 0x000000cbba2d0000,0x000000cbba3d0000] [id=17456]
  0x000002cab4c431e0 GCTaskThread "GC Thread#11" [stack: 0x000000cbba3d0000,0x000000cbba4d0000] [id=18516]
  0x000002cab4c43490 GCTaskThread "GC Thread#12" [stack: 0x000000cbba4d0000,0x000000cbba5d0000] [id=26028]
  0x000002cafa2e39e0 ConcurrentGCThread "G1 Main Marker" [stack: 0x000000cbb6f00000,0x000000cbb7000000] [id=16624]
  0x000002cafa2e4b90 ConcurrentGCThread "G1 Conc#0" [stack: 0x000000cbb7000000,0x000000cbb7100000] [id=16280]
  0x000002caa8c84e90 ConcurrentGCThread "G1 Refine#0" [stack: 0x000000cbb7100000,0x000000cbb7200000] [id=12548]
  0x000002caa8c858b0 ConcurrentGCThread "G1 Service" [stack: 0x000000cbb7200000,0x000000cbb7300000] [id=24772]

Threads with active compile tasks:

VM state: synchronizing (normal execution)

VM Mutex/Monitor currently owned by a thread:  ([mutex/lock_event])
[0x000002cafa21d9b0] Threads_lock - owner thread: 0x000002caa8d4c900

Heap address: 0x0000000601000000, size: 8176 MB, Compressed Oops mode: Zero based, Oop shift amount: 3

CDS archive(s) mapped at: [0x0000000800000000-0x0000000800bc0000-0x0000000800bc0000), size 12320768, SharedBaseAddress: 0x0000000800000000, ArchiveRelocationMode: 0.
Compressed class space mapped at: 0x0000000800c00000-0x0000000840c00000, reserved size: 1073741824
Narrow klass base: 0x0000000800000000, Narrow klass shift: 0, Narrow klass range: 0x100000000

GC Precious Log:
 CPUs: 16 total, 16 available
 Memory: 32694M
 Large Page Support: Disabled
 NUMA Support: Disabled
 Compressed Oops: Enabled (Zero based)
 Heap Region Size: 4M
 Heap Min Capacity: 8M
 Heap Initial Capacity: 512M
 Heap Max Capacity: 8176M
 Pre-touch: Disabled
 Parallel Workers: 13
 Concurrent Workers: 3
 Concurrent Refinement Workers: 13
 Periodic GC: Disabled

Heap:
 garbage-first heap   total 524288K, used 397753K [0x0000000601000000, 0x0000000800000000)
  region size 4096K, 55 young (225280K), 1 survivors (4096K)
 Metaspace       used 8528K, committed 8768K, reserved 1056768K
  class space    used 645K, committed 768K, reserved 1048576K

Heap Regions: E=young(eden), S=young(survivor), O=old, HS=humongous(starts), HC=humongous(continues), CS=collection set, F=free, OA=open archive, CA=closed archive, TAMS=top-at-mark-start (previous, next)
|   0|0x0000000601000000, 0x0000000601400000, 0x0000000601400000|100%|HS|  |TAMS 0x0000000601000000, 0x0000000601000000| Complete 
|   1|0x0000000601400000, 0x0000000601800000, 0x0000000601800000|100%|HS|  |TAMS 0x0000000601400000, 0x0000000601400000| Complete 
|   2|0x0000000601800000, 0x0000000601800000, 0x0000000601c00000|  0%| F|  |TAMS 0x0000000601800000, 0x0000000601800000| Untracked 
|   3|0x0000000601c00000, 0x0000000602000000, 0x0000000602000000|100%|HS|  |TAMS 0x0000000601c00000, 0x0000000601c00000| Complete 
|   4|0x0000000602000000, 0x0000000602400000, 0x0000000602400000|100%|HC|  |TAMS 0x0000000602000000, 0x0000000602000000| Complete 
|   5|0x0000000602400000, 0x0000000602800000, 0x0000000602800000|100%|HC|  |TAMS 0x0000000602400000, 0x0000000602400000| Complete 
|   6|0x0000000602800000, 0x0000000602b77800, 0x0000000602c00000| 86%| O|  |TAMS 0x0000000602800000, 0x0000000602800000| Untracked 
|   7|0x0000000602c00000, 0x0000000603000000, 0x0000000603000000|100%|HS|  |TAMS 0x0000000602c00000, 0x0000000602c00000| Complete 
|   8|0x0000000603000000, 0x0000000603400000, 0x0000000603400000|100%|HC|  |TAMS 0x0000000603000000, 0x0000000603000000| Complete 
|   9|0x0000000603400000, 0x0000000603800000, 0x0000000603800000|100%|HC|  |TAMS 0x0000000603400000, 0x0000000603400000| Complete 
|  10|0x0000000603800000, 0x0000000603c00000, 0x0000000603c00000|100%|HS|  |TAMS 0x0000000603800000, 0x0000000603800000| Complete 
|  11|0x0000000603c00000, 0x0000000604000000, 0x0000000604000000|100%|HC|  |TAMS 0x0000000603c00000, 0x0000000603c00000| Complete 
|  12|0x0000000604000000, 0x0000000604400000, 0x0000000604400000|100%|HC|  |TAMS 0x0000000604000000, 0x0000000604000000| Complete 
|  13|0x0000000604400000, 0x0000000604800000, 0x0000000604800000|100%|HS|  |TAMS 0x0000000604400000, 0x0000000604400000| Complete 
|  14|0x0000000604800000, 0x0000000604c00000, 0x0000000604c00000|100%|HC|  |TAMS 0x0000000604800000, 0x0000000604800000| Complete 
|  15|0x0000000604c00000, 0x0000000605000000, 0x0000000605000000|100%|HC|  |TAMS 0x0000000604c00000, 0x0000000604c00000| Complete 
|  16|0x0000000605000000, 0x0000000605400000, 0x0000000605400000|100%|HC|  |TAMS 0x0000000605000000, 0x0000000605000000| Complete 
|  17|0x0000000605400000, 0x0000000605800000, 0x0000000605800000|100%|HC|  |TAMS 0x0000000605400000, 0x0000000605400000| Complete 
|  18|0x0000000605800000, 0x0000000605c00000, 0x0000000605c00000|100%|HC|  |TAMS 0x0000000605800000, 0x0000000605800000| Complete 
|  19|0x0000000605c00000, 0x0000000606000000, 0x0000000606000000|100%|HC|  |TAMS 0x0000000605c00000, 0x0000000605c00000| Complete 
|  20|0x0000000606000000, 0x0000000606400000, 0x0000000606400000|100%|HC|  |TAMS 0x0000000606000000, 0x0000000606000000| Complete 
|  21|0x0000000606400000, 0x0000000606800000, 0x0000000606800000|100%|HC|  |TAMS 0x0000000606400000, 0x0000000606400000| Complete 
|  22|0x0000000606800000, 0x0000000606c00000, 0x0000000606c00000|100%|HC|  |TAMS 0x0000000606800000, 0x0000000606800000| Complete 
|  23|0x0000000606c00000, 0x0000000607000000, 0x0000000607000000|100%|HC|  |TAMS 0x0000000606c00000, 0x0000000606c00000| Complete 
|  24|0x0000000607000000, 0x0000000607400000, 0x0000000607400000|100%|HS|  |TAMS 0x0000000607000000, 0x0000000607000000| Complete 
|  25|0x0000000607400000, 0x0000000607800000, 0x0000000607800000|100%|HC|  |TAMS 0x0000000607400000, 0x0000000607400000| Complete 
|  26|0x0000000607800000, 0x0000000607c00000, 0x0000000607c00000|100%|HC|  |TAMS 0x0000000607800000, 0x0000000607800000| Complete 
|  27|0x0000000607c00000, 0x0000000608000000, 0x0000000608000000|100%|HC|  |TAMS 0x0000000607c00000, 0x0000000607c00000| Complete 
|  28|0x0000000608000000, 0x0000000608400000, 0x0000000608400000|100%|HC|  |TAMS 0x0000000608000000, 0x0000000608000000| Complete 
|  29|0x0000000608400000, 0x0000000608800000, 0x0000000608800000|100%|HC|  |TAMS 0x0000000608400000, 0x0000000608400000| Complete 
|  30|0x0000000608800000, 0x0000000608c00000, 0x0000000608c00000|100%|HC|  |TAMS 0x0000000608800000, 0x0000000608800000| Complete 
|  31|0x0000000608c00000, 0x0000000609000000, 0x0000000609000000|100%|HC|  |TAMS 0x0000000608c00000, 0x0000000608c00000| Complete 
|  32|0x0000000609000000, 0x0000000609400000, 0x0000000609400000|100%|HC|  |TAMS 0x0000000609000000, 0x0000000609000000| Complete 
|  33|0x0000000609400000, 0x0000000609800000, 0x0000000609800000|100%|HC|  |TAMS 0x0000000609400000, 0x0000000609400000| Complete 
|  34|0x0000000609800000, 0x0000000609c00000, 0x0000000609c00000|100%|HC|  |TAMS 0x0000000609800000, 0x0000000609800000| Complete 
|  35|0x0000000609c00000, 0x000000060a000000, 0x000000060a000000|100%|HS|  |TAMS 0x0000000609c00000, 0x0000000609c00000| Complete 
|  36|0x000000060a000000, 0x000000060a400000, 0x000000060a400000|100%|HC|  |TAMS 0x000000060a000000, 0x000000060a000000| Complete 
|  37|0x000000060a400000, 0x000000060a800000, 0x000000060a800000|100%|HC|  |TAMS 0x000000060a400000, 0x000000060a400000| Complete 
|  38|0x000000060a800000, 0x000000060ac00000, 0x000000060ac00000|100%|HC|  |TAMS 0x000000060a800000, 0x000000060a800000| Complete 
|  39|0x000000060ac00000, 0x000000060b000000, 0x000000060b000000|100%|HC|  |TAMS 0x000000060ac00000, 0x000000060ac00000| Complete 
|  40|0x000000060b000000, 0x000000060b400000, 0x000000060b400000|100%|HC|  |TAMS 0x000000060b000000, 0x000000060b000000| Complete 
|  41|0x000000060b400000, 0x000000060b800000, 0x000000060b800000|100%|HC|  |TAMS 0x000000060b400000, 0x000000060b400000| Complete 
|  42|0x000000060b800000, 0x000000060bc00000, 0x000000060bc00000|100%|HC|  |TAMS 0x000000060b800000, 0x000000060b800000| Complete 
|  43|0x000000060bc00000, 0x000000060c000000, 0x000000060c000000|100%|HC|  |TAMS 0x000000060bc00000, 0x000000060bc00000| Complete 
|  44|0x000000060c000000, 0x000000060c400000, 0x000000060c400000|100%|HC|  |TAMS 0x000000060c000000, 0x000000060c000000| Complete 
|  45|0x000000060c400000, 0x000000060c800000, 0x000000060c800000|100%|HC|  |TAMS 0x000000060c400000, 0x000000060c400000| Complete 
|  46|0x000000060c800000, 0x000000060c800000, 0x000000060cc00000|  0%| F|  |TAMS 0x000000060c800000, 0x000000060c800000| Untracked 
|  47|0x000000060cc00000, 0x000000060cc00000, 0x000000060d000000|  0%| F|  |TAMS 0x000000060cc00000, 0x000000060cc00000| Untracked 
|  48|0x000000060d000000, 0x000000060d000000, 0x000000060d400000|  0%| F|  |TAMS 0x000000060d000000, 0x000000060d000000| Untracked 
|  49|0x000000060d400000, 0x000000060d400000, 0x000000060d800000|  0%| F|  |TAMS 0x000000060d400000, 0x000000060d400000| Untracked 
|  50|0x000000060d800000, 0x000000060d800000, 0x000000060dc00000|  0%| F|  |TAMS 0x000000060d800000, 0x000000060d800000| Untracked 
|  51|0x000000060dc00000, 0x000000060dc00000, 0x000000060e000000|  0%| F|  |TAMS 0x000000060dc00000, 0x000000060dc00000| Untracked 
|  52|0x000000060e000000, 0x000000060e000000, 0x000000060e400000|  0%| F|  |TAMS 0x000000060e000000, 0x000000060e000000| Untracked 
|  53|0x000000060e400000, 0x000000060e400000, 0x000000060e800000|  0%| F|  |TAMS 0x000000060e400000, 0x000000060e400000| Untracked 
|  54|0x000000060e800000, 0x000000060e800000, 0x000000060ec00000|  0%| F|  |TAMS 0x000000060e800000, 0x000000060e800000| Untracked 
|  55|0x000000060ec00000, 0x000000060ec00000, 0x000000060f000000|  0%| F|  |TAMS 0x000000060ec00000, 0x000000060ec00000| Untracked 
|  56|0x000000060f000000, 0x000000060f000000, 0x000000060f400000|  0%| F|  |TAMS 0x000000060f000000, 0x000000060f000000| Untracked 
|  57|0x000000060f400000, 0x000000060f400000, 0x000000060f800000|  0%| F|  |TAMS 0x000000060f400000, 0x000000060f400000| Untracked 
|  58|0x000000060f800000, 0x000000060f800000, 0x000000060fc00000|  0%| F|  |TAMS 0x000000060f800000, 0x000000060f800000| Untracked 
|  59|0x000000060fc00000, 0x000000060fc00000, 0x0000000610000000|  0%| F|  |TAMS 0x000000060fc00000, 0x000000060fc00000| Untracked 
|  60|0x0000000610000000, 0x0000000610000000, 0x0000000610400000|  0%| F|  |TAMS 0x0000000610000000, 0x0000000610000000| Untracked 
|  61|0x0000000610400000, 0x0000000610400000, 0x0000000610800000|  0%| F|  |TAMS 0x0000000610400000, 0x0000000610400000| Untracked 
|  62|0x0000000610800000, 0x0000000610800000, 0x0000000610c00000|  0%| F|  |TAMS 0x0000000610800000, 0x0000000610800000| Untracked 
|  63|0x0000000610c00000, 0x0000000610c00000, 0x0000000611000000|  0%| F|  |TAMS 0x0000000610c00000, 0x0000000610c00000| Untracked 
|  64|0x0000000611000000, 0x0000000611000000, 0x0000000611400000|  0%| F|  |TAMS 0x0000000611000000, 0x0000000611000000| Untracked 
|  65|0x0000000611400000, 0x0000000611400000, 0x0000000611800000|  0%| F|  |TAMS 0x0000000611400000, 0x0000000611400000| Untracked 
|  66|0x0000000611800000, 0x0000000611800000, 0x0000000611c00000|  0%| F|  |TAMS 0x0000000611800000, 0x0000000611800000| Untracked 
|  67|0x0000000611c00000, 0x0000000611c00000, 0x0000000612000000|  0%| F|  |TAMS 0x0000000611c00000, 0x0000000611c00000| Untracked 
|  68|0x0000000612000000, 0x0000000612000000, 0x0000000612400000|  0%| F|  |TAMS 0x0000000612000000, 0x0000000612000000| Untracked 
|  69|0x0000000612400000, 0x0000000612400000, 0x0000000612800000|  0%| F|  |TAMS 0x0000000612400000, 0x0000000612400000| Untracked 
|  70|0x0000000612800000, 0x0000000612800000, 0x0000000612c00000|  0%| F|  |TAMS 0x0000000612800000, 0x0000000612800000| Untracked 
|  71|0x0000000612c00000, 0x0000000612c00000, 0x0000000613000000|  0%| F|  |TAMS 0x0000000612c00000, 0x0000000612c00000| Untracked 
|  72|0x0000000613000000, 0x0000000613000000, 0x0000000613400000|  0%| F|  |TAMS 0x0000000613000000, 0x0000000613000000| Untracked 
|  73|0x0000000613400000, 0x0000000613600800, 0x0000000613800000| 50%| E|  |TAMS 0x0000000613400000, 0x0000000613400000| Complete 
|  74|0x0000000613800000, 0x0000000613c00000, 0x0000000613c00000|100%| E|CS|TAMS 0x0000000613800000, 0x0000000613800000| Complete 
|  75|0x0000000613c00000, 0x0000000614000000, 0x0000000614000000|100%| E|CS|TAMS 0x0000000613c00000, 0x0000000613c00000| Complete 
|  76|0x0000000614000000, 0x0000000614400000, 0x0000000614400000|100%| E|CS|TAMS 0x0000000614000000, 0x0000000614000000| Complete 
|  77|0x0000000614400000, 0x0000000614800000, 0x0000000614800000|100%| E|CS|TAMS 0x0000000614400000, 0x0000000614400000| Complete 
|  78|0x0000000614800000, 0x0000000614c00000, 0x0000000614c00000|100%| E|CS|TAMS 0x0000000614800000, 0x0000000614800000| Complete 
|  79|0x0000000614c00000, 0x0000000615000000, 0x0000000615000000|100%| E|CS|TAMS 0x0000000614c00000, 0x0000000614c00000| Complete 
|  80|0x0000000615000000, 0x0000000615400000, 0x0000000615400000|100%| E|CS|TAMS 0x0000000615000000, 0x0000000615000000| Complete 
|  81|0x0000000615400000, 0x0000000615800000, 0x0000000615800000|100%| E|CS|TAMS 0x0000000615400000, 0x0000000615400000| Complete 
|  82|0x0000000615800000, 0x0000000615c00000, 0x0000000615c00000|100%| E|CS|TAMS 0x0000000615800000, 0x0000000615800000| Complete 
|  83|0x0000000615c00000, 0x0000000616000000, 0x0000000616000000|100%| E|CS|TAMS 0x0000000615c00000, 0x0000000615c00000| Complete 
|  84|0x0000000616000000, 0x0000000616400000, 0x0000000616400000|100%| E|CS|TAMS 0x0000000616000000, 0x0000000616000000| Complete 
|  85|0x0000000616400000, 0x0000000616800000, 0x0000000616800000|100%| E|CS|TAMS 0x0000000616400000, 0x0000000616400000| Complete 
|  86|0x0000000616800000, 0x0000000616c00000, 0x0000000616c00000|100%| E|CS|TAMS 0x0000000616800000, 0x0000000616800000| Complete 
|  87|0x0000000616c00000, 0x0000000617000000, 0x0000000617000000|100%| E|CS|TAMS 0x0000000616c00000, 0x0000000616c00000| Complete 
|  88|0x0000000617000000, 0x0000000617400000, 0x0000000617400000|100%| E|CS|TAMS 0x0000000617000000, 0x0000000617000000| Complete 
|  89|0x0000000617400000, 0x0000000617800000, 0x0000000617800000|100%| E|CS|TAMS 0x0000000617400000, 0x0000000617400000| Complete 
|  90|0x0000000617800000, 0x0000000617c00000, 0x0000000617c00000|100%| E|CS|TAMS 0x0000000617800000, 0x0000000617800000| Complete 
|  91|0x0000000617c00000, 0x0000000618000000, 0x0000000618000000|100%| E|CS|TAMS 0x0000000617c00000, 0x0000000617c00000| Complete 
|  92|0x0000000618000000, 0x0000000618400000, 0x0000000618400000|100%| E|CS|TAMS 0x0000000618000000, 0x0000000618000000| Complete 
|  93|0x0000000618400000, 0x0000000618800000, 0x0000000618800000|100%| E|CS|TAMS 0x0000000618400000, 0x0000000618400000| Complete 
|  94|0x0000000618800000, 0x0000000618c00000, 0x0000000618c00000|100%| E|CS|TAMS 0x0000000618800000, 0x0000000618800000| Complete 
|  95|0x0000000618c00000, 0x0000000619000000, 0x0000000619000000|100%| E|CS|TAMS 0x0000000618c00000, 0x0000000618c00000| Complete 
|  96|0x0000000619000000, 0x0000000619400000, 0x0000000619400000|100%| E|CS|TAMS 0x0000000619000000, 0x0000000619000000| Complete 
|  97|0x0000000619400000, 0x0000000619800000, 0x0000000619800000|100%| E|CS|TAMS 0x0000000619400000, 0x0000000619400000| Complete 
|  98|0x0000000619800000, 0x0000000619c00000, 0x0000000619c00000|100%| E|CS|TAMS 0x0000000619800000, 0x0000000619800000| Complete 
|  99|0x0000000619c00000, 0x000000061a000000, 0x000000061a000000|100%| E|CS|TAMS 0x0000000619c00000, 0x0000000619c00000| Complete 
| 100|0x000000061a000000, 0x000000061a400000, 0x000000061a400000|100%| E|CS|TAMS 0x000000061a000000, 0x000000061a000000| Complete 
| 101|0x000000061a400000, 0x000000061a800000, 0x000000061a800000|100%| E|CS|TAMS 0x000000061a400000, 0x000000061a400000| Complete 
| 102|0x000000061a800000, 0x000000061ac00000, 0x000000061ac00000|100%| E|CS|TAMS 0x000000061a800000, 0x000000061a800000| Complete 
| 103|0x000000061ac00000, 0x000000061b000000, 0x000000061b000000|100%| E|CS|TAMS 0x000000061ac00000, 0x000000061ac00000| Complete 
| 104|0x000000061b000000, 0x000000061b400000, 0x000000061b400000|100%| E|CS|TAMS 0x000000061b000000, 0x000000061b000000| Complete 
| 105|0x000000061b400000, 0x000000061b800000, 0x000000061b800000|100%| E|CS|TAMS 0x000000061b400000, 0x000000061b400000| Complete 
| 106|0x000000061b800000, 0x000000061bc00000, 0x000000061bc00000|100%| E|  |TAMS 0x000000061b800000, 0x000000061b800000| Complete 
| 107|0x000000061bc00000, 0x000000061c000000, 0x000000061c000000|100%| E|CS|TAMS 0x000000061bc00000, 0x000000061bc00000| Complete 
| 108|0x000000061c000000, 0x000000061c400000, 0x000000061c400000|100%| E|CS|TAMS 0x000000061c000000, 0x000000061c000000| Complete 
| 109|0x000000061c400000, 0x000000061c800000, 0x000000061c800000|100%| E|CS|TAMS 0x000000061c400000, 0x000000061c400000| Complete 
| 110|0x000000061c800000, 0x000000061cc00000, 0x000000061cc00000|100%| E|CS|TAMS 0x000000061c800000, 0x000000061c800000| Complete 
| 111|0x000000061cc00000, 0x000000061d000000, 0x000000061d000000|100%| E|CS|TAMS 0x000000061cc00000, 0x000000061cc00000| Complete 
| 112|0x000000061d000000, 0x000000061d400000, 0x000000061d400000|100%| E|CS|TAMS 0x000000061d000000, 0x000000061d000000| Complete 
| 113|0x000000061d400000, 0x000000061d800000, 0x000000061d800000|100%| E|CS|TAMS 0x000000061d400000, 0x000000061d400000| Complete 
| 114|0x000000061d800000, 0x000000061dc00000, 0x000000061dc00000|100%| E|CS|TAMS 0x000000061d800000, 0x000000061d800000| Complete 
| 115|0x000000061dc00000, 0x000000061e000000, 0x000000061e000000|100%| E|CS|TAMS 0x000000061dc00000, 0x000000061dc00000| Complete 
| 116|0x000000061e000000, 0x000000061e400000, 0x000000061e400000|100%| E|CS|TAMS 0x000000061e000000, 0x000000061e000000| Complete 
| 117|0x000000061e400000, 0x000000061e800000, 0x000000061e800000|100%| E|CS|TAMS 0x000000061e400000, 0x000000061e400000| Complete 
| 118|0x000000061e800000, 0x000000061ec00000, 0x000000061ec00000|100%| E|CS|TAMS 0x000000061e800000, 0x000000061e800000| Complete 
| 119|0x000000061ec00000, 0x000000061ecf6df8, 0x000000061f000000| 24%| S|CS|TAMS 0x000000061ec00000, 0x000000061ec00000| Complete 
| 120|0x000000061f000000, 0x000000061f400000, 0x000000061f400000|100%| E|CS|TAMS 0x000000061f000000, 0x000000061f000000| Complete 
| 121|0x000000061f400000, 0x000000061f800000, 0x000000061f800000|100%| E|CS|TAMS 0x000000061f400000, 0x000000061f400000| Complete 
| 122|0x000000061f800000, 0x000000061fc00000, 0x000000061fc00000|100%| E|CS|TAMS 0x000000061f800000, 0x000000061f800000| Complete 
| 123|0x000000061fc00000, 0x0000000620000000, 0x0000000620000000|100%| E|CS|TAMS 0x000000061fc00000, 0x000000061fc00000| Complete 
| 124|0x0000000620000000, 0x0000000620400000, 0x0000000620400000|100%| E|CS|TAMS 0x0000000620000000, 0x0000000620000000| Complete 
| 125|0x0000000620400000, 0x0000000620800000, 0x0000000620800000|100%| E|CS|TAMS 0x0000000620400000, 0x0000000620400000| Complete 
| 126|0x0000000620800000, 0x0000000620c00000, 0x0000000620c00000|100%| E|CS|TAMS 0x0000000620800000, 0x0000000620800000| Complete 
| 127|0x0000000620c00000, 0x0000000621000000, 0x0000000621000000|100%| E|CS|TAMS 0x0000000620c00000, 0x0000000620c00000| Complete 

Card table byte_map: [0x000002cafdad0000,0x000002cafead0000] _byte_map_base: 0x000002cafaac8000

Marking Bits (Prev, Next): (CMBitMap*) 0x000002cafa2d2120, (CMBitMap*) 0x000002cafa2d2160
 Prev Bits: [0x000002ca96a10000, 0x000002ca9e9d0000)
 Next Bits: [0x000002ca9e9d0000, 0x000002caa6990000)

Polling page: 0x000002cafa300000

Metaspace:

Usage:
  Non-class:      7.70 MB used.
      Class:    645.89 KB used.
       Both:      8.33 MB used.

Virtual space:
  Non-class space:        8.00 MB reserved,       7.81 MB ( 98%) committed,  1 nodes.
      Class space:        1.00 GB reserved,     768.00 KB ( <1%) committed,  1 nodes.
             Both:        1.01 GB reserved,       8.56 MB ( <1%) committed. 

Chunk freelists:
   Non-Class:  144.00 KB
       Class:  3.23 MB
        Both:  3.37 MB

MaxMetaspaceSize: unlimited
CompressedClassSpaceSize: 1.00 GB
Initial GC threshold: 21.00 MB
Current GC threshold: 21.00 MB
CDS: on
MetaspaceReclaimPolicy: balanced
 - commit_granule_bytes: 65536.
 - commit_granule_words: 8192.
 - virtual_space_node_default_size: 1048576.
 - enlarge_chunks_in_place: 1.
 - new_chunks_are_fully_committed: 0.
 - uncommit_free_chunks: 1.
 - use_allocation_guard: 0.
 - handle_deallocations: 1.


Internal statistics:

num_allocs_failed_limit: 0.
num_arena_births: 128.
num_arena_deaths: 0.
num_vsnodes_births: 2.
num_vsnodes_deaths: 0.
num_space_committed: 135.
num_space_uncommitted: 0.
num_chunks_returned_to_freelist: 0.
num_chunks_taken_from_freelist: 267.
num_chunk_merges: 0.
num_chunk_splits: 169.
num_chunks_enlarged: 108.
num_purges: 0.
num_inconsistent_stats: 0.

CodeHeap 'non-profiled nmethods': size=119168Kb used=1160Kb max_used=1160Kb free=118007Kb
 bounds [0x000002ca8f5b0000, 0x000002ca8f820000, 0x000002ca96a10000]
CodeHeap 'profiled nmethods': size=119104Kb used=3718Kb max_used=3718Kb free=115385Kb
 bounds [0x000002ca88160000, 0x000002ca88510000, 0x000002ca8f5b0000]
CodeHeap 'non-nmethods': size=7488Kb used=3433Kb max_used=3481Kb free=4054Kb
 bounds [0x000002ca87a10000, 0x000002ca87d80000, 0x000002ca88160000]
 total_blobs=3019 nmethods=1887 adapters=1042
 compilation: enabled
              stopped_count=0, restarted_count=0
 full_count=0

Compilation events (20 events):
Event: 2.453 Thread 0x000002caa96bcda0 1878       3       de.kostari.cloud.utilities.render.batched.RenderObject::<init> (55 bytes)
Event: 2.454 Thread 0x000002caa96bcda0 nmethod 1878 0x000002ca884f0b90 code [0x000002ca884f0d20, 0x000002ca884f0f18]
Event: 2.454 Thread 0x000002caa96bcda0 1881       3       de.kostari.cloud.utilities.render.batched.RenderBatch::add (139 bytes)
Event: 2.454 Thread 0x000002caa96bb880 nmethod 1879 0x000002ca884f1010 code [0x000002ca884f1240, 0x000002ca884f1a48]
Event: 2.454 Thread 0x000002caa96bb880 1882       3       de.kostari.cloud.utilities.render.batched.RenderBatch::getUsedSpace (40 bytes)
Event: 2.454 Thread 0x000002caa96bb880 nmethod 1882 0x000002ca884f1c90 code [0x000002ca884f1e60, 0x000002ca884f22d8]
Event: 2.454 Thread 0x000002caa96bb880 1880       1       de.kostari.cloud.utilities.render.batched.RenderBatch::hasRoom (5 bytes)
Event: 2.454 Thread 0x000002caa96bb880 nmethod 1880 0x000002ca8f6ce110 code [0x000002ca8f6ce2a0, 0x000002ca8f6ce378]
Event: 2.454 Thread 0x000002caa96bcda0 nmethod 1881 0x000002ca884f2490 code [0x000002ca884f26e0, 0x000002ca884f2fb8]
Event: 2.454 Thread 0x000002caa8d71160 nmethod 1876 0x000002ca884f3210 code [0x000002ca884f3740, 0x000002ca884f5c58]
Event: 2.454 Thread 0x000002cab4957070 nmethod 1883 0x000002ca884f6a90 code [0x000002ca884f6fc0, 0x000002ca884fabf8]
Event: 2.470 Thread 0x000002caa8d71160 1884       3       de.kostari.cloud.utilities.render.Render::rect (21 bytes)
Event: 2.470 Thread 0x000002caa8d71160 nmethod 1884 0x000002ca884fbb90 code [0x000002ca884fbd40, 0x000002ca884fbe88]
Event: 2.484 Thread 0x000002caa8d71160 1885       3       java.util.ArrayList::grow (11 bytes)
Event: 2.484 Thread 0x000002caa8d71160 nmethod 1885 0x000002ca884fbf90 code [0x000002ca884fc120, 0x000002ca884fc268]
Event: 2.504 Thread 0x000002cab4957070 1886       3       de.kostari.cloud.utilities.render.batched.RenderBatch::render (388 bytes)
Event: 2.505 Thread 0x000002cab4957070 nmethod 1886 0x000002ca884fc310 code [0x000002ca884fcb20, 0x000002ca88500498]
Event: 2.511 Thread 0x000002caa8d70770 1887       4       de.kostari.cloud.utilities.render.text.CFont::getHeight (91 bytes)
Event: 2.516 Thread 0x000002caa8d70770 nmethod 1887 0x000002ca8f6ce410 code [0x000002ca8f6ce5e0, 0x000002ca8f6cec08]
Event: 2.516 Thread 0x000002caa8d70770 1888       4       de.kostari.cloud.utilities.render.text.CFont::drawText (191 bytes)

GC Heap History (4 events):
Event: 1.350 GC heap before
{Heap before GC invocations=0 (full 0):
 garbage-first heap   total 524288K, used 20480K [0x0000000601000000, 0x0000000800000000)
  region size 4096K, 6 young (24576K), 0 survivors (0K)
 Metaspace       used 7471K, committed 7680K, reserved 1056768K
  class space    used 578K, committed 704K, reserved 1048576K
}
Event: 1.353 GC heap after
{Heap after GC invocations=1 (full 0):
 garbage-first heap   total 524288K, used 3898K [0x0000000601000000, 0x0000000800000000)
  region size 4096K, 1 young (4096K), 1 survivors (4096K)
 Metaspace       used 7471K, committed 7680K, reserved 1056768K
  class space    used 578K, committed 704K, reserved 1048576K
}
Event: 1.562 GC heap before
{Heap before GC invocations=1 (full 0):
 garbage-first heap   total 524288K, used 53050K [0x0000000601000000, 0x0000000800000000)
  region size 4096K, 8 young (32768K), 1 survivors (4096K)
 Metaspace       used 8344K, committed 8576K, reserved 1056768K
  class space    used 639K, committed 768K, reserved 1048576K
}
Event: 1.564 GC heap after
{Heap after GC invocations=2 (full 0):
 garbage-first heap   total 524288K, used 25017K [0x0000000601000000, 0x0000000800000000)
  region size 4096K, 1 young (4096K), 1 survivors (4096K)
 Metaspace       used 8344K, committed 8576K, reserved 1056768K
  class space    used 639K, committed 768K, reserved 1048576K
}

Deoptimization events (20 events):
Event: 2.370 Thread 0x000002cafa223330 DEOPT PACKING pc=0x000002ca884dbaec sp=0x000000cbb6dff040
Event: 2.370 Thread 0x000002cafa223330 DEOPT UNPACKING pc=0x000002ca87a62b43 sp=0x000000cbb6dfe4f0 mode 0
Event: 2.370 Thread 0x000002cafa223330 DEOPT PACKING pc=0x000002ca884dbaec sp=0x000000cbb6dff040
Event: 2.370 Thread 0x000002cafa223330 DEOPT UNPACKING pc=0x000002ca87a62b43 sp=0x000000cbb6dfe4f0 mode 0
Event: 2.371 Thread 0x000002cafa223330 DEOPT PACKING pc=0x000002ca884dbaec sp=0x000000cbb6dff040
Event: 2.371 Thread 0x000002cafa223330 DEOPT UNPACKING pc=0x000002ca87a62b43 sp=0x000000cbb6dfe4f0 mode 0
Event: 2.371 Thread 0x000002cafa223330 DEOPT PACKING pc=0x000002ca884dbaec sp=0x000000cbb6dff040
Event: 2.371 Thread 0x000002cafa223330 DEOPT UNPACKING pc=0x000002ca87a62b43 sp=0x000000cbb6dfe4f0 mode 0
Event: 2.371 Thread 0x000002cafa223330 DEOPT PACKING pc=0x000002ca884dbaec sp=0x000000cbb6dff040
Event: 2.371 Thread 0x000002cafa223330 DEOPT UNPACKING pc=0x000002ca87a62b43 sp=0x000000cbb6dfe4f0 mode 0
Event: 2.371 Thread 0x000002cafa223330 DEOPT PACKING pc=0x000002ca884dbaec sp=0x000000cbb6dff040
Event: 2.371 Thread 0x000002cafa223330 DEOPT UNPACKING pc=0x000002ca87a62b43 sp=0x000000cbb6dfe4f0 mode 0
Event: 2.371 Thread 0x000002cafa223330 DEOPT PACKING pc=0x000002ca884dbaec sp=0x000000cbb6dff040
Event: 2.371 Thread 0x000002cafa223330 DEOPT UNPACKING pc=0x000002ca87a62b43 sp=0x000000cbb6dfe4f0 mode 0
Event: 2.371 Thread 0x000002cafa223330 DEOPT PACKING pc=0x000002ca884dbaec sp=0x000000cbb6dff040
Event: 2.371 Thread 0x000002cafa223330 DEOPT UNPACKING pc=0x000002ca87a62b43 sp=0x000000cbb6dfe4f0 mode 0
Event: 2.372 Thread 0x000002cafa223330 DEOPT PACKING pc=0x000002ca884dbaec sp=0x000000cbb6dff040
Event: 2.372 Thread 0x000002cafa223330 DEOPT UNPACKING pc=0x000002ca87a62b43 sp=0x000000cbb6dfe4f0 mode 0
Event: 2.372 Thread 0x000002cafa223330 DEOPT PACKING pc=0x000002ca884dbaec sp=0x000000cbb6dff040
Event: 2.372 Thread 0x000002cafa223330 DEOPT UNPACKING pc=0x000002ca87a62b43 sp=0x000000cbb6dfe4f0 mode 0

Classes unloaded (0 events):
No events

Classes redefined (0 events):
No events

Internal exceptions (20 events):
Event: 0.342 Thread 0x000002cafa223330 Exception <a 'sun/nio/fs/WindowsException'{0x00000006208b2630}> (0x00000006208b2630) 
thrown [e:\jenkins\tmp\workspace\build\src\src\hotspot\share\prims\jni.cpp, line 516]
Event: 0.351 Thread 0x000002cafa223330 Exception <a 'java/lang/NoSuchMethodError'{0x000000062090f568}: 'int java.lang.invoke.DirectMethodHandle$Holder.invokeStaticInit(java.lang.Object, java.lang.Object, int, long)'> (0x000000062090f568) 
thrown [e:\jenkins\tmp\workspace\build\src\src\hotspot\share\interpreter\linkResolver.cpp, line 766]
Event: 0.351 Thread 0x000002cafa223330 Exception <a 'java/lang/NoSuchMethodError'{0x0000000620914e30}: 'java.lang.Object java.lang.invoke.DirectMethodHandle$Holder.newInvokeSpecial(java.lang.Object, java.lang.Object, int)'> (0x0000000620914e30) 
thrown [e:\jenkins\tmp\workspace\build\src\src\hotspot\share\interpreter\linkResolver.cpp, line 766]
Event: 0.353 Thread 0x000002cafa223330 Exception <a 'java/lang/NoSuchMethodError'{0x0000000620923a68}: 'int java.lang.invoke.DirectMethodHandle$Holder.invokeStaticInit(java.lang.Object, java.lang.Object, long, long)'> (0x0000000620923a68) 
thrown [e:\jenkins\tmp\workspace\build\src\src\hotspot\share\interpreter\linkResolver.cpp, line 766]
Event: 0.353 Thread 0x000002cafa223330 Exception <a 'java/lang/NoSuchMethodError'{0x0000000620929b78}: 'java.lang.Object java.lang.invoke.DirectMethodHandle$Holder.newInvokeSpecial(java.lang.Object, java.lang.Object, long)'> (0x0000000620929b78) 
thrown [e:\jenkins\tmp\workspace\build\src\src\hotspot\share\interpreter\linkResolver.cpp, line 766]
Event: 0.353 Thread 0x000002cafa223330 Exception <a 'java/lang/NoSuchMethodError'{0x000000062092dbc0}: 'java.lang.Object java.lang.invoke.Invokers$Holder.linkToTargetMethod(java.lang.Object, long, java.lang.Object)'> (0x000000062092dbc0) 
thrown [e:\jenkins\tmp\workspace\build\src\src\hotspot\share\interpreter\linkResolver.cpp, line 766]
Event: 0.354 Thread 0x000002cafa223330 Exception <a 'java/lang/NoSuchMethodError'{0x00000006209352d8}: 'int java.lang.invoke.DirectMethodHandle$Holder.invokeStaticInit(java.lang.Object, java.lang.Object, java.lang.Object, long)'> (0x00000006209352d8) 
thrown [e:\jenkins\tmp\workspace\build\src\src\hotspot\share\interpreter\linkResolver.cpp, line 766]
Event: 0.366 Thread 0x000002cafa223330 Exception <a 'sun/nio/fs/WindowsException'{0x00000006209ccca0}> (0x00000006209ccca0) 
thrown [e:\jenkins\tmp\workspace\build\src\src\hotspot\share\prims\jni.cpp, line 516]
Event: 0.366 Thread 0x000002cafa223330 Exception <a 'sun/nio/fs/WindowsException'{0x00000006209cd000}> (0x00000006209cd000) 
thrown [e:\jenkins\tmp\workspace\build\src\src\hotspot\share\prims\jni.cpp, line 516]
Event: 0.609 Thread 0x000002cafa223330 Exception <a 'sun/nio/fs/WindowsException'{0x0000000620a870c8}> (0x0000000620a870c8) 
thrown [e:\jenkins\tmp\workspace\build\src\src\hotspot\share\prims\jni.cpp, line 516]
Event: 0.609 Thread 0x000002cafa223330 Exception <a 'sun/nio/fs/WindowsException'{0x0000000620a87448}> (0x0000000620a87448) 
thrown [e:\jenkins\tmp\workspace\build\src\src\hotspot\share\prims\jni.cpp, line 516]
Event: 0.630 Thread 0x000002cafa223330 Exception <a 'java/lang/NoSuchMethodError'{0x0000000620ab6260}: 'java.lang.Object java.lang.invoke.DirectMethodHandle$Holder.newInvokeSpecial(java.lang.Object, long)'> (0x0000000620ab6260) 
thrown [e:\jenkins\tmp\workspace\build\src\src\hotspot\share\interpreter\linkResolver.cpp, line 766]
Event: 0.638 Thread 0x000002cafa223330 Exception <a 'sun/nio/fs/WindowsException'{0x0000000620b02148}> (0x0000000620b02148) 
thrown [e:\jenkins\tmp\workspace\build\src\src\hotspot\share\prims\jni.cpp, line 516]
Event: 0.638 Thread 0x000002cafa223330 Exception <a 'sun/nio/fs/WindowsException'{0x0000000620b024f0}> (0x0000000620b024f0) 
thrown [e:\jenkins\tmp\workspace\build\src\src\hotspot\share\prims\jni.cpp, line 516]
Event: 0.640 Thread 0x000002cafa223330 Exception <a 'sun/nio/fs/WindowsException'{0x0000000620b083e8}> (0x0000000620b083e8) 
thrown [e:\jenkins\tmp\workspace\build\src\src\hotspot\share\prims\jni.cpp, line 516]
Event: 0.640 Thread 0x000002cafa223330 Exception <a 'sun/nio/fs/WindowsException'{0x0000000620b086c8}> (0x0000000620b086c8) 
thrown [e:\jenkins\tmp\workspace\build\src\src\hotspot\share\prims\jni.cpp, line 516]
Event: 1.021 Thread 0x000002cafa223330 Exception <a 'java/lang/NoSuchMethodError'{0x00000006207467f8}: 'void java.lang.invoke.DirectMethodHandle$Holder.invokeStatic(java.lang.Object, java.lang.Object, java.lang.Object, java.lang.Object)'> (0x00000006207467f8) 
thrown [e:\jenkins\tmp\workspace\build\src\src\hotspot\share\interpreter\linkResolver.cpp, line 766]
Event: 1.040 Thread 0x000002cafa223330 Exception <a 'java/lang/ClassNotFoundException'{0x00000006200cbfd8}: sun/awt/resources/spi/awtProvider> (0x00000006200cbfd8) 
thrown [e:\jenkins\tmp\workspace\build\src\src\hotspot\share\classfile\systemDictionary.cpp, line 256]
Event: 1.052 Thread 0x000002cafa223330 Exception <a 'java/io/FileNotFoundException'{0x0000000620119968}> (0x0000000620119968) 
thrown [e:\jenkins\tmp\workspace\build\src\src\hotspot\share\prims\jni.cpp, line 516]
Event: 1.055 Thread 0x000002cafa223330 Exception <a 'java/io/FileNotFoundException'{0x0000000620146af8}> (0x0000000620146af8) 
thrown [e:\jenkins\tmp\workspace\build\src\src\hotspot\share\prims\jni.cpp, line 516]

VM Operations (18 events):
Event: 0.036 Executing VM operation: ChangeBreakpoints
Event: 0.036 Executing VM operation: ChangeBreakpoints done
Event: 0.290 Executing VM operation: HandshakeAllThreads
Event: 0.290 Executing VM operation: HandshakeAllThreads done
Event: 1.075 Executing VM operation: HandshakeAllThreads
Event: 1.075 Executing VM operation: HandshakeAllThreads done
Event: 1.075 Executing VM operation: Cleanup
Event: 1.076 Executing VM operation: Cleanup done
Event: 1.096 Executing VM operation: HandshakeAllThreads
Event: 1.096 Executing VM operation: HandshakeAllThreads done
Event: 1.256 Executing VM operation: HandshakeAllThreads
Event: 1.256 Executing VM operation: HandshakeAllThreads done
Event: 1.350 Executing VM operation: G1CollectForAllocation
Event: 1.353 Executing VM operation: G1CollectForAllocation done
Event: 1.396 Executing VM operation: HandshakeAllThreads
Event: 1.396 Executing VM operation: HandshakeAllThreads done
Event: 1.562 Executing VM operation: G1CollectForAllocation
Event: 1.564 Executing VM operation: G1CollectForAllocation done

Events (20 events):
Event: 1.489 loading class jdk/internal/misc/ScopedMemoryAccess$Scope$Handle
Event: 1.489 loading class jdk/internal/misc/ScopedMemoryAccess$Scope$Handle done
Event: 2.022 Thread 0x000002cab4956650 Thread exited: 0x000002cab4956650
Event: 2.022 Thread 0x000002cab4957580 Thread exited: 0x000002cab4957580
Event: 2.022 Thread 0x000002cab4955720 Thread exited: 0x000002cab4955720
Event: 2.082 loading class java/util/ComparableTimSort
Event: 2.082 loading class java/util/ComparableTimSort done
Event: 2.098 Thread 0x000002cab4955720 Thread added: 0x000002cab4955720
Event: 2.260 loading class sun/awt/AppContext
Event: 2.260 loading class sun/awt/AppContext done
Event: 2.260 loading class sun/awt/AppContext$GetAppContextLock
Event: 2.260 loading class sun/awt/AppContext$GetAppContextLock done
Event: 2.260 loading class sun/awt/AppContext$6
Event: 2.260 loading class jdk/internal/access/JavaAWTAccess
Event: 2.260 loading class jdk/internal/access/JavaAWTAccess done
Event: 2.260 loading class sun/awt/AppContext$6 done
Event: 2.261 loading class java/util/IdentityHashMap$ValueIterator
Event: 2.261 loading class java/util/IdentityHashMap$ValueIterator done
Event: 2.261 Thread 0x000002cab1c11ec0 Thread exited: 0x000002cab1c11ec0
Event: 2.358 Thread 0x000002cab4955720 Thread exited: 0x000002cab4955720


Dynamic libraries:
0x00007ff61c6d0000 - 0x00007ff61c6de000 	C:\Program Files\Eclipse Adoptium\jdk-17.0.3.7-hotspot\bin\java.exe
0x00007ff81a7b0000 - 0x00007ff81a9a8000 	C:\Windows\SYSTEM32\ntdll.dll
0x00007ff818a60000 - 0x00007ff818b1d000 	C:\Windows\System32\KERNEL32.DLL
0x00007ff817f90000 - 0x00007ff81825e000 	C:\Windows\System32\KERNELBASE.dll
0x00007ff8184b0000 - 0x00007ff8185b0000 	C:\Windows\System32\ucrtbase.dll
0x00007fffe9060000 - 0x00007fffe9079000 	C:\Program Files\Eclipse Adoptium\jdk-17.0.3.7-hotspot\bin\VCRUNTIME140.dll
0x00007fffe52c0000 - 0x00007fffe52d8000 	C:\Program Files\Eclipse Adoptium\jdk-17.0.3.7-hotspot\bin\jli.dll
0x00007ff818810000 - 0x00007ff8189b0000 	C:\Windows\System32\USER32.dll
0x00007ffffbcf0000 - 0x00007ffffbf8a000 	C:\Windows\WinSxS\amd64_microsoft.windows.common-controls_6595b64144ccf1df_6.0.19041.1110_none_60b5254171f9507e\COMCTL32.dll
0x00007ff8185b0000 - 0x00007ff8185d2000 	C:\Windows\System32\win32u.dll
0x00007ff818ef0000 - 0x00007ff818f8e000 	C:\Windows\System32\msvcrt.dll
0x00007ff819fa0000 - 0x00007ff819fca000 	C:\Windows\System32\GDI32.dll
0x00007ff8183a0000 - 0x00007ff8184ab000 	C:\Windows\System32\gdi32full.dll
0x00007ff818740000 - 0x00007ff8187dd000 	C:\Windows\System32\msvcp_win.dll
0x00007ff819ce0000 - 0x00007ff819d10000 	C:\Windows\System32\IMM32.DLL
0x00007fffe9050000 - 0x00007fffe905c000 	C:\Program Files\Eclipse Adoptium\jdk-17.0.3.7-hotspot\bin\vcruntime140_1.dll
0x00007fff9b080000 - 0x00007fff9b111000 	C:\Program Files\Eclipse Adoptium\jdk-17.0.3.7-hotspot\bin\msvcp140.dll
0x00007fff0d2c0000 - 0x00007fff0df08000 	C:\Program Files\Eclipse Adoptium\jdk-17.0.3.7-hotspot\bin\server\jvm.dll
0x00007ff81a360000 - 0x00007ff81a40e000 	C:\Windows\System32\ADVAPI32.dll
0x00007ff819fd0000 - 0x00007ff81a06c000 	C:\Windows\System32\sechost.dll
0x00007ff81a550000 - 0x00007ff81a675000 	C:\Windows\System32\RPCRT4.dll
0x00007ff818b80000 - 0x00007ff818b88000 	C:\Windows\System32\PSAPI.DLL
0x00007ff8150a0000 - 0x00007ff8150a9000 	C:\Windows\SYSTEM32\WSOCK32.dll
0x00007ff80faa0000 - 0x00007ff80faaa000 	C:\Windows\SYSTEM32\VERSION.dll
0x00007ff804e20000 - 0x00007ff804e47000 	C:\Windows\SYSTEM32\WINMM.dll
0x00007ff81a2f0000 - 0x00007ff81a35b000 	C:\Windows\System32\WS2_32.dll
0x00007ff8167b0000 - 0x00007ff8167c2000 	C:\Windows\SYSTEM32\kernel.appcore.dll
0x00007fffe8ff0000 - 0x00007fffe8ffa000 	C:\Program Files\Eclipse Adoptium\jdk-17.0.3.7-hotspot\bin\jimage.dll
0x00007ff8163f0000 - 0x00007ff8165d4000 	C:\Windows\SYSTEM32\DBGHELP.DLL
0x00007ff80f670000 - 0x00007ff80f69c000 	C:\Windows\SYSTEM32\dbgcore.DLL
0x00007ff818310000 - 0x00007ff818392000 	C:\Windows\System32\bcryptPrimitives.dll
0x00007fffa3f10000 - 0x00007fffa3f4b000 	C:\Program Files\Eclipse Adoptium\jdk-17.0.3.7-hotspot\bin\jdwp.dll
0x00007fffa3f50000 - 0x00007fffa3f75000 	C:\Program Files\Eclipse Adoptium\jdk-17.0.3.7-hotspot\bin\java.dll
0x00007fff8fda0000 - 0x00007fff8fe76000 	C:\Program Files\Eclipse Adoptium\jdk-17.0.3.7-hotspot\bin\jsvml.dll
0x00007ff819530000 - 0x00007ff819c74000 	C:\Windows\System32\SHELL32.dll
0x00007ff815b90000 - 0x00007ff816324000 	C:\Windows\SYSTEM32\windows.storage.dll
0x00007ff818b90000 - 0x00007ff818ee4000 	C:\Windows\System32\combase.dll
0x00007ff817930000 - 0x00007ff817960000 	C:\Windows\SYSTEM32\Wldp.dll
0x00007ff81a410000 - 0x00007ff81a4bd000 	C:\Windows\System32\SHCORE.dll
0x00007ff81a4d0000 - 0x00007ff81a525000 	C:\Windows\System32\shlwapi.dll
0x00007ff817e10000 - 0x00007ff817e2f000 	C:\Windows\SYSTEM32\profapi.dll
0x00007ff813060000 - 0x00007ff81306c000 	C:\Program Files\Eclipse Adoptium\jdk-17.0.3.7-hotspot\bin\dt_socket.dll
0x00007ff817330000 - 0x00007ff81736b000 	C:\Windows\SYSTEM32\IPHLPAPI.DLL
0x00007ff817690000 - 0x00007ff8176fa000 	C:\Windows\system32\mswsock.dll
0x00007ff817370000 - 0x00007ff81743b000 	C:\Windows\SYSTEM32\DNSAPI.dll
0x00007ff81a4c0000 - 0x00007ff81a4c8000 	C:\Windows\System32\NSI.dll
0x00007ff80e830000 - 0x00007ff80e83a000 	C:\Windows\System32\rasadhlp.dll
0x00007ff80bf30000 - 0x00007ff80bfb0000 	C:\Windows\System32\fwpuclnt.dll
0x00007ff8187e0000 - 0x00007ff818807000 	C:\Windows\System32\bcrypt.dll
0x00007fffb8a80000 - 0x00007fffb8a99000 	C:\Program Files\Eclipse Adoptium\jdk-17.0.3.7-hotspot\bin\net.dll
0x00007ff8123b0000 - 0x00007ff8124ba000 	C:\Windows\SYSTEM32\WINHTTP.dll
0x00007fffb89e0000 - 0x00007fffb89f5000 	C:\Program Files\Eclipse Adoptium\jdk-17.0.3.7-hotspot\bin\nio.dll
0x00007fffa6120000 - 0x00007fffa6138000 	C:\Program Files\Eclipse Adoptium\jdk-17.0.3.7-hotspot\bin\zip.dll
0x00007fffa1590000 - 0x00007fffa1605000 	C:\Users\chris\AppData\Local\Temp\lwjglchris\3.3.1-build-7\lwjgl.dll
0x00007fff9de20000 - 0x00007fff9de81000 	C:\Users\chris\AppData\Local\Temp\lwjglchris\3.3.1-build-7\glfw.dll
0x00007fff9dee0000 - 0x00007fff9df25000 	C:\Windows\SYSTEM32\dinput8.dll
0x00007fffb6500000 - 0x00007fffb6511000 	C:\Windows\SYSTEM32\xinput1_4.dll
0x00007ff817ed0000 - 0x00007ff817f1e000 	C:\Windows\System32\cfgmgr32.dll
0x00007ff817c80000 - 0x00007ff817cac000 	C:\Windows\SYSTEM32\DEVOBJ.dll
0x00007ff8156c0000 - 0x00007ff8156ef000 	C:\Windows\SYSTEM32\dwmapi.dll
0x00007ffffb8b0000 - 0x00007ffffba02000 	C:\Windows\SYSTEM32\inputhost.dll
0x00007ff81a1a0000 - 0x00007ff81a26d000 	C:\Windows\System32\OLEAUT32.dll
0x00007ff8143c0000 - 0x00007ff814514000 	C:\Windows\SYSTEM32\wintypes.dll
0x00007ff814df0000 - 0x00007ff814ee2000 	C:\Windows\SYSTEM32\CoreMessaging.dll
0x00007ff8132c0000 - 0x00007ff8133b6000 	C:\Windows\SYSTEM32\PROPSYS.dll
0x00007ff814a90000 - 0x00007ff814dee000 	C:\Windows\SYSTEM32\CoreUIComponents.dll
0x00007ff816d60000 - 0x00007ff816d93000 	C:\Windows\SYSTEM32\ntmarta.dll
0x00007ff815430000 - 0x00007ff8154ce000 	C:\Windows\system32\uxtheme.dll
0x00007ff818fa0000 - 0x00007ff8190b5000 	C:\Windows\System32\MSCTF.dll
0x00007fff534d0000 - 0x00007fff535f7000 	C:\Windows\SYSTEM32\opengl32.dll
0x00007fff534a0000 - 0x00007fff534cc000 	C:\Windows\SYSTEM32\GLU32.dll
0x00007ff8189b0000 - 0x00007ff818a59000 	C:\Windows\System32\clbcatq.dll
0x00007fff502e0000 - 0x00007fff5349b000 	C:\Windows\System32\DriverStore\FileRepository\nv_dispi.inf_amd64_246e95e4066041ad\nvoglv64.dll
0x00007ff8190c0000 - 0x00007ff81952f000 	C:\Windows\System32\SETUPAPI.dll
0x00007ff81a070000 - 0x00007ff81a19a000 	C:\Windows\System32\ole32.dll
0x00007ff8135b0000 - 0x00007ff8135c4000 	C:\Windows\SYSTEM32\WTSAPI32.dll
0x00007ff8178a0000 - 0x00007ff8178ac000 	C:\Windows\SYSTEM32\CRYPTBASE.DLL
0x00007ff817ac0000 - 0x00007ff817ad2000 	C:\Windows\SYSTEM32\msasn1.dll
0x00007ff80f9f0000 - 0x00007ff80fa21000 	C:\Windows\SYSTEM32\cryptnet.dll
0x00007ff8185e0000 - 0x00007ff818736000 	C:\Windows\System32\CRYPT32.dll
0x00007ff80f750000 - 0x00007ff80f898000 	C:\Windows\SYSTEM32\drvstore.dll
0x00007ff817f20000 - 0x00007ff817f87000 	C:\Windows\System32\WINTRUST.dll
0x00007ff812580000 - 0x00007ff8125bb000 	C:\Windows\SYSTEM32\dxcore.dll
0x00007fffdcd40000 - 0x00007fffdd007000 	C:\Windows\system32\nvspcap64.dll
0x00007ff817450000 - 0x00007ff81749b000 	C:\Windows\SYSTEM32\powrprof.dll
0x00007ff817310000 - 0x00007ff817322000 	C:\Windows\SYSTEM32\UMPDC.dll
0x00007ff816c00000 - 0x00007ff816c5a000 	C:\Windows\SYSTEM32\WINSTA.dll
0x00007ff8095b0000 - 0x00007ff8096a9000 	C:\Windows\SYSTEM32\textinputframework.dll
0x00007fff1fd00000 - 0x00007fff1fe97000 	C:\Users\chris\AppData\Local\Temp\lwjglchris\3.3.1-build-7\OpenAL.dll
0x00007ff8120e0000 - 0x00007ff812165000 	C:\Windows\System32\MMDevApi.dll
0x00007ff812220000 - 0x00007ff8123a2000 	C:\Windows\SYSTEM32\AUDIOSES.DLL
0x00007ff8155c0000 - 0x00007ff8155d4000 	C:\Windows\SYSTEM32\resourcepolicyclient.dll
0x00007fff9ddc0000 - 0x00007fff9de1d000 	C:\Users\chris\AppData\Local\Temp\lwjglchris\3.3.1-build-7\lwjgl_opengl.dll
0x00007ff816740000 - 0x00007ff81674d000 	C:\Windows\SYSTEM32\HID.DLL
0x00007fff1cc30000 - 0x00007fff1cdbe000 	C:\Program Files\Eclipse Adoptium\jdk-17.0.3.7-hotspot\bin\awt.dll
0x00007ff8152f0000 - 0x00007ff815380000 	C:\Windows\SYSTEM32\apphelp.dll
0x00007fff8fc70000 - 0x00007fff8fcf9000 	C:\Program Files\Eclipse Adoptium\jdk-17.0.3.7-hotspot\bin\freetype.dll
0x00007fff8f300000 - 0x00007fff8f3a8000 	C:\Program Files\Eclipse Adoptium\jdk-17.0.3.7-hotspot\bin\fontmanager.dll
0x00007ff808ed0000 - 0x00007ff80909f000 	C:\Windows\system32\d3d9.dll
0x00007ff809330000 - 0x00007ff809447000 	C:\Windows\System32\DriverStore\FileRepository\nv_dispi.inf_amd64_246e95e4066041ad\nvldumdx.dll
0x00007ff81a530000 - 0x00007ff81a54d000 	C:\Windows\System32\imagehlp.dll
0x00007ff817880000 - 0x00007ff817898000 	C:\Windows\SYSTEM32\CRYPTSP.dll
0x00007ff816fa0000 - 0x00007ff816fd4000 	C:\Windows\system32\rsaenh.dll
0x00007fff914d0000 - 0x00007fff92cda000 	C:\Windows\System32\DriverStore\FileRepository\nv_dispi.inf_amd64_246e95e4066041ad\nvd3dumx.dll
0x00007ff816780000 - 0x00007ff8167a3000 	C:\Windows\SYSTEM32\gpapi.dll
0x00007fff8c640000 - 0x00007fff8c6bf000 	C:\Program Files\Eclipse Adoptium\jdk-17.0.3.7-hotspot\bin\mlib_image.dll

dbghelp: loaded successfully - version: 4.0.5 - missing functions: none
symbol engine: initialized successfully - sym options: 0x614 - pdb path: .;C:\Program Files\Eclipse Adoptium\jdk-17.0.3.7-hotspot\bin;C:\Windows\SYSTEM32;C:\Windows\WinSxS\amd64_microsoft.windows.common-controls_6595b64144ccf1df_6.0.19041.1110_none_60b5254171f9507e;C:\Program Files\Eclipse Adoptium\jdk-17.0.3.7-hotspot\bin\server;C:\Users\chris\AppData\Local\Temp\lwjglchris\3.3.1-build-7;C:\Windows\System32\DriverStore\FileRepository\nv_dispi.inf_amd64_246e95e4066041ad

VM Arguments:
jvm_args: -agentlib:jdwp=transport=dt_socket,server=n,suspend=y,address=localhost:55467 -XX:+ShowCodeDetailsInExceptionMessages 
java_command: de.kostari.demo.sandv1.App
java_class_path (initial): C:\Users\chris\Documents\Coding\Java\cloud\target\classes;C:\Users\chris\.m2\repository\org\projectlombok\lombok\1.18.24\lombok-1.18.24.jar;C:\Users\chris\.m2\repository\org\lwjgl\lwjgl\3.3.1\lwjgl-3.3.1.jar;C:\Users\chris\.m2\repository\org\lwjgl\lwjgl-glfw\3.3.1\lwjgl-glfw-3.3.1.jar;C:\Users\chris\.m2\repository\org\lwjgl\lwjgl-opengl\3.3.1\lwjgl-opengl-3.3.1.jar;C:\Users\chris\.m2\repository\org\lwjgl\lwjgl-openal\3.3.1\lwjgl-openal-3.3.1.jar;C:\Users\chris\.m2\repository\org\lwjgl\lwjgl-stb\3.3.1\lwjgl-stb-3.3.1.jar;C:\Users\chris\.m2\repository\org\lwjgl\lwjgl\3.3.1\lwjgl-3.3.1-natives-windows.jar;C:\Users\chris\.m2\repository\org\lwjgl\lwjgl-glfw\3.3.1\lwjgl-glfw-3.3.1-natives-windows.jar;C:\Users\chris\.m2\repository\org\lwjgl\lwjgl-opengl\3.3.1\lwjgl-opengl-3.3.1-natives-windows.jar;C:\Users\chris\.m2\repository\org\lwjgl\lwjgl-openal\3.3.1\lwjgl-openal-3.3.1-natives-windows.jar;C:\Users\chris\.m2\repository\org\lwjgl\lwjgl-stb\3.3.1\lwjgl-stb-3.3.1-natives-windows.jar;C:\Users\chris\.m2\repository\org\jbox2d\jbox2d-library\2.2.1.1\jbox2d-library-2.2.1.1.jar
Launcher Type: SUN_STANDARD

[Global flags]
     intx CICompilerCount                          = 12                                        {product} {ergonomic}
     uint ConcGCThreads                            = 3                                         {product} {ergonomic}
     uint G1ConcRefinementThreads                  = 13                                        {product} {ergonomic}
   size_t G1HeapRegionSize                         = 4194304                                   {product} {ergonomic}
    uintx GCDrainStackTargetSize                   = 64                                        {product} {ergonomic}
   size_t InitialHeapSize                          = 536870912                                 {product} {ergonomic}
   size_t MarkStackSize                            = 4194304                                   {product} {ergonomic}
   size_t MaxHeapSize                              = 8573157376                                {product} {ergonomic}
   size_t MaxNewSize                               = 5142216704                                {product} {ergonomic}
   size_t MinHeapDeltaBytes                        = 4194304                                   {product} {ergonomic}
   size_t MinHeapSize                              = 8388608                                   {product} {ergonomic}
    uintx NonNMethodCodeHeapSize                   = 7602480                                {pd product} {ergonomic}
    uintx NonProfiledCodeHeapSize                  = 122027880                              {pd product} {ergonomic}
    uintx ProfiledCodeHeapSize                     = 122027880                              {pd product} {ergonomic}
    uintx ReservedCodeCacheSize                    = 251658240                              {pd product} {ergonomic}
     bool SegmentedCodeCache                       = true                                      {product} {ergonomic}
     bool ShowCodeDetailsInExceptionMessages       = true                                   {manageable} {command line}
   size_t SoftMaxHeapSize                          = 8573157376                             {manageable} {ergonomic}
     bool UseCompressedClassPointers               = true                           {product lp64_product} {ergonomic}
     bool UseCompressedOops                        = true                           {product lp64_product} {ergonomic}
     bool UseG1GC                                  = true                                      {product} {ergonomic}
     bool UseLargePagesIndividualAllocation        = false                                  {pd product} {ergonomic}

Logging:
Log output configuration:
 #0: stdout all=warning uptime,level,tags
 #1: stderr all=off uptime,level,tags

Environment Variables:
JAVA_HOME=C:\Program Files\Eclipse Adoptium\jdk-17.0.3.7-hotspot\
PATH=C:\Program Files\Eclipse Adoptium\jdk-17.0.3.7-hotspot\bin;C:\Program Files\Common Files\Oracle\Java\javapath;C:\Program Files (x86)\Common Files\Oracle\Java\javapath;C:\Program Files (x86)\Common Files\Intel\Shared Libraries\redist\intel64\compiler;C:\Windows\system32;C:\Windows;C:\Windows\System32\Wbem;C:\Windows\System32\WindowsPowerShell\v1.0\;C:\Windows\System32\OpenSSH\;C:\Program Files\NVIDIA Corporation\NVIDIA NvDLISR;C:\Program Files\nodejs\;C:\Program Files\Git\cmd;C:\Program Files\GitHub CLI\;C:\Program Files\dotnet\;C:\Gradle\gradle-7-4-1\bin;C:\flutter\bin;C:\Program Files (x86)\NVIDIA Corporation\PhysX\Common;C:\MinGW\bin;C:\Program Files\mdBook;C:\Users\chris\AppData\Local\Programs\Python\Python310\Scripts\;C:\Users\chris\AppData\Local\Programs\Python\Python310\;C:\Users\chris\AppData\Local\Microsoft\WindowsApps;;C:\Users\chris\AppData\Local\Programs\Microsoft VS Code\bin;C:\Users\chris\AppData\Roaming\npm;C:\Users\chris\.dotnet\tools
USERNAME=chris
LANG=de_DE.UTF-8
OS=Windows_NT
PROCESSOR_IDENTIFIER=AMD64 Family 25 Model 33 Stepping 0, AuthenticAMD



---------------  S Y S T E M  ---------------

OS:
 Windows 10 , 64 bit Build 19041 (10.0.19041.1806)
OS uptime: 2 days 21:31 hours

CPU: total 16 (initial active 16) (16 cores per cpu, 2 threads per core) family 25 model 33 stepping 0 microcode 0x0, cx8, cmov, fxsr, ht, mmx, 3dnowpref, sse, sse2, sse3, ssse3, sse4a, sse4.1, sse4.2, popcnt, lzcnt, tsc, tscinvbit, avx, avx2, aes, erms, clmul, bmi1, bmi2, adx, sha, fma, vzeroupper, clflush, clflushopt

Memory: 4k page, system-wide physical 32694M (18474M free)
TotalPageFile size 37558M (AvailPageFile size 11867M)
current process WorkingSet (physical memory assigned to process): 569M, peak: 569M
current process commit charge ("private bytes"): 893M, peak: 925M

vm_info: OpenJDK 64-Bit Server VM (17.0.3+7) for windows-amd64 JRE (17.0.3+7), built on Apr 19 2022 16:55:35 by "" with MS VC++ 16.7 (VS2019)

END.
