#
# A fatal error has been detected by the Java Runtime Environment:
#
#  EXCEPTION_ACCESS_VIOLATION (0xc0000005) at pc=0x00007fffe33bae3e, pid=6820, tid=15908
#
# JRE version: OpenJDK Runtime Environment Temurin-17.0.2+8 (17.0.2+8) (build 17.0.2+8)
# Java VM: OpenJDK 64-Bit Server VM Temurin-17.0.2+8 (17.0.2+8, mixed mode, sharing, tiered, compressed oops, compressed class ptrs, g1 gc, windows-amd64)
# Problematic frame:
# C  [nvoglv64.dll+0x126ae3e]
#
# No core dump will be written. Minidumps are not enabled by default on client versions of Windows
#
# If you would like to submit a bug report, please visit:
#   https://github.com/adoptium/adoptium-support/issues
# The crash happened outside the Java Virtual Machine in native code.
# See problematic frame for where to report the bug.
#

---------------  S U M M A R Y ------------

Command Line: -agentlib:jdwp=transport=dt_socket,server=n,suspend=y,address=localhost:63602 -XX:+ShowCodeDetailsInExceptionMessages de.kostari.demo.App

Host: AMD Ryzen 7 5800X 8-Core Processor             , 16 cores, 31G,  Windows 10 , 64 bit Build 19041 (10.0.19041.1645)
Time: Wed Apr 20 13:59:44 2022 Mitteleuropäische Sommerzeit elapsed time: 5.122194 seconds (0d 0h 0m 5s)

---------------  T H R E A D  ---------------

Current thread (0x0000026ae98b16e0):  JavaThread "main" [_thread_in_native, id=15908, stack(0x000000cbfe300000,0x000000cbfe400000)]

Stack: [0x000000cbfe300000,0x000000cbfe400000],  sp=0x000000cbfe3feff8,  free space=1019k
Native frames: (J=compiled Java code, j=interpreted, Vv=VM code, C=native code)
C  [nvoglv64.dll+0x126ae3e]

Java frames: (J=compiled Java code, j=interpreted, Vv=VM code)
j  org.lwjgl.opengl.GL11C.nglTexImage2D(IIIIIIIIJ)V+0
j  org.lwjgl.opengl.GL11C.glTexImage2D(IIIIIIIILjava/nio/ByteBuffer;)V+17
j  org.lwjgl.opengl.GL11.glTexImage2D(IIIIIIIILjava/nio/ByteBuffer;)V+14
j  de.kostari.cloud.utilities.render.Render.image(Lde/kostari/cloud/utilities/files/asset/assets/Image;FFFF)V+131
j  de.kostari.cloud.utilities.render.Render.image(Lde/kostari/cloud/utilities/files/asset/assets/Image;Lde/kostari/cloud/utilities/math/Vec;FF)V+11
j  de.kostari.demo.MainScene.draw(F)V+18
j  de.kostari.cloud.core.window.Window.drawScreen()V+84
j  de.kostari.cloud.core.window.Window.show()V+15
j  de.kostari.demo.App.main([Ljava/lang/String;)V+35
v  ~StubRoutines::call_stub

siginfo: EXCEPTION_ACCESS_VIOLATION (0xc0000005), reading address 0x0000026a9c3c2000


Register to memory mapping:

RIP=0x00007fffe33bae3e nvoglv64.dll
RAX=0x0000026a9bf27d9c points into unknown readable memory: 00 00 00 ff
RBX=0x0000026a9bf27d9c points into unknown readable memory: 00 00 00 ff
RCX=0x00000000000074f0 is an unknown value
RDX=0x0000000000484294 is an unknown value
RSP=0x000000cbfe3feff8 is pointing into the stack for thread: 0x0000026ae98b16e0
RBP=0x0000026a9c3ac030 points into unknown readable memory: 0xff000000ff000000 | 00 00 00 ff 00 00 00 ff
RSI=0x0000026a9c3c2000 points into unknown readable memory: 0x0000000000000000 | 00 00 00 00 00 00 00 00
RDI=0x0000026a9bf3dd6c points into unknown readable memory: 00 00 00 00
R8 =0x000000000001d4c0 is an unknown value
R9 =0x0000000000000008 is an unknown value
R10=0x0000026a9c3ac030 points into unknown readable memory: 0xff000000ff000000 | 00 00 00 ff 00 00 00 ff
R11=0x0000026a9bf27d9c points into unknown readable memory: 00 00 00 ff
R12=0x0000000000001401 is an unknown value
R13=0x0000000000001908 is an unknown value
R14=0x000000000000012c is an unknown value
R15=0x0000000000000de1 is an unknown value


Registers:
RAX=0x0000026a9bf27d9c, RBX=0x0000026a9bf27d9c, RCX=0x00000000000074f0, RDX=0x0000000000484294
RSP=0x000000cbfe3feff8, RBP=0x0000026a9c3ac030, RSI=0x0000026a9c3c2000, RDI=0x0000026a9bf3dd6c
R8 =0x000000000001d4c0, R9 =0x0000000000000008, R10=0x0000026a9c3ac030, R11=0x0000026a9bf27d9c
R12=0x0000000000001401, R13=0x0000000000001908, R14=0x000000000000012c, R15=0x0000000000000de1
RIP=0x00007fffe33bae3e, EFLAGS=0x0000000000010202

Top of Stack: (sp=0x000000cbfe3feff8)
0x000000cbfe3feff8:   000000000001d4c0 0000026a9937f080
0x000000cbfe3ff008:   00007fffe2a8d02f 0000000000000000
0x000000cbfe3ff018:   0000000000000000 0000026a9714fb58
0x000000cbfe3ff028:   0000000000000000 0000000600000000
0x000000cbfe3ff038:   0000026a00001908 0000000000001401
0x000000cbfe3ff048:   0000026a9c3ac030 000000cb0001d4c0
0x000000cbfe3ff058:   0000026a80009efa 0000026ae98b16e0
0x000000cbfe3ff068:   000000cbfe3ff280 0000026a97659628
0x000000cbfe3ff078:   0000000000000000 0000000000008058
0x000000cbfe3ff088:   0000000000000000 0000000000000de1
0x000000cbfe3ff098:   00007ff805a269ba 000000000000012c
0x000000cbfe3ff0a8:   0000000000000000 0000000600008058
0x000000cbfe3ff0b8:   000000cbfe3ff0b8 0000000800000064
0x000000cbfe3ff0c8:   000000cb00000000 0000000800001908
0x000000cbfe3ff0d8:   0000000000001401 0000026a9c3ac030
0x000000cbfe3ff0e8:   00000008003e6d68 0000026a97701b58 

Instructions: (pc=0x00007fffe33bae3e)
0x00007fffe33bad3e:   cc cc cc cc cc cc cc cc 66 66 0f 1f 84 00 00 00
0x00007fffe33bad4e:   00 00 48 2b d1 49 83 f8 08 72 22 f6 c1 07 74 14
0x00007fffe33bad5e:   66 90 8a 01 3a 04 11 75 2c 48 ff c1 49 ff c8 f6
0x00007fffe33bad6e:   c1 07 75 ee 4d 8b c8 49 c1 e9 03 75 1f 4d 85 c0
0x00007fffe33bad7e:   74 0f 8a 01 3a 04 11 75 0c 48 ff c1 49 ff c8 75
0x00007fffe33bad8e:   f1 48 33 c0 c3 1b c0 83 d8 ff c3 90 49 c1 e9 02
0x00007fffe33bad9e:   74 37 48 8b 01 48 3b 04 11 75 5b 48 8b 41 08 48
0x00007fffe33badae:   3b 44 11 08 75 4c 48 8b 41 10 48 3b 44 11 10 75
0x00007fffe33badbe:   3d 48 8b 41 18 48 3b 44 11 18 75 2e 48 83 c1 20
0x00007fffe33badce:   49 ff c9 75 cd 49 83 e0 1f 4d 8b c8 49 c1 e9 03
0x00007fffe33badde:   74 9b 48 8b 01 48 3b 04 11 75 1b 48 83 c1 08 49
0x00007fffe33badee:   ff c9 75 ee 49 83 e0 07 eb 83 48 83 c1 08 48 83
0x00007fffe33badfe:   c1 08 48 83 c1 08 48 8b 0c 0a 48 0f c8 48 0f c9
0x00007fffe33bae0e:   48 3b c1 1b c0 83 d8 ff c3 cc cc cc cc cc cc cc
0x00007fffe33bae1e:   cc cc cc cc cc cc cc cc 66 66 0f 1f 84 00 00 00
0x00007fffe33bae2e:   00 00 57 56 49 8b c3 48 8b f9 49 8b c8 49 8b f2
0x00007fffe33bae3e:   f3 a4 5e 5f c3 cc cc cc cc cc cc 0f 1f 80 00 00
0x00007fffe33bae4e:   00 00 4c 8b d9 4c 8b d2 49 83 f8 10 76 54 49 83
0x00007fffe33bae5e:   f8 20 76 2e 48 2b d1 73 0d 4b 8d 04 10 48 3b c8
0x00007fffe33bae6e:   0f 82 dc 02 00 00 49 81 f8 80 00 00 00 0f 86 0f
0x00007fffe33bae7e:   02 00 00 f6 05 a8 8b bf 01 02 0f 84 52 01 00 00
0x00007fffe33bae8e:   eb a0 0f 10 02 42 0f 10 4c 02 f0 0f 11 01 42 0f
0x00007fffe33bae9e:   11 4c 01 f0 48 8b c1 c3 66 66 0f 1f 84 00 00 00
0x00007fffe33baeae:   00 00 48 8b c1 4c 8d 0d 46 51 d9 fe 43 8b 8c 81
0x00007fffe33baebe:   10 0a fd 02 49 03 c9 ff e1 66 0f 1f 84 00 00 00
0x00007fffe33baece:   00 00 c3 0f b7 0a 66 89 08 c3 48 8b 0a 48 89 08
0x00007fffe33baede:   c3 0f b7 0a 44 0f b6 42 02 66 89 08 44 88 40 02
0x00007fffe33baeee:   c3 0f b6 0a 88 08 c3 f3 0f 6f 02 f3 0f 7f 00 c3
0x00007fffe33baefe:   66 90 4c 8b 02 0f b7 4a 08 44 0f b6 4a 0a 4c 89
0x00007fffe33baf0e:   00 66 89 48 08 44 88 48 0a c3 8b 0a 89 08 c3 0f
0x00007fffe33baf1e:   1f 00 8b 0a 44 0f b6 42 04 89 08 44 88 40 04 c3
0x00007fffe33baf2e:   66 90 8b 0a 44 0f b7 42 04 89 08 66 44 89 40 04 


Stack slot to memory mapping:
stack at sp + 0 slots: 0x000000000001d4c0 is an unknown value
stack at sp + 1 slots: 0x0000026a9937f080 points into unknown readable memory: 0x0000000000000000 | 00 00 00 00 00 00 00 00
stack at sp + 2 slots: 0x00007fffe2a8d02f nvoglv64.dll
stack at sp + 3 slots: 0x0 is NULL
stack at sp + 4 slots: 0x0 is NULL
stack at sp + 5 slots: 0x0000026a9714fb58 is pointing into metadata
stack at sp + 6 slots: 0x0 is NULL
stack at sp + 7 slots: 0x0000000600000000 is an unknown value


---------------  P R O C E S S  ---------------

Threads class SMR info:
_java_thread_list=0x0000026a9c4f3840, length=15, elements={
0x0000026ae98b16e0, 0x0000026affc69c70, 0x0000026affc6baf0, 0x0000026affc7e710,
0x0000026a979381d0, 0x0000026a97938b80, 0x0000026a97939530, 0x0000026a9793d7c0,
0x0000026a97960280, 0x0000026a9796b060, 0x0000026a97aeac50, 0x0000026a97aed910,
0x0000026a97aee410, 0x0000026a97afa140, 0x0000026a97afaa20
}

Java Threads: ( => current thread )
=>0x0000026ae98b16e0 JavaThread "main" [_thread_in_native, id=15908, stack(0x000000cbfe300000,0x000000cbfe400000)]
  0x0000026affc69c70 JavaThread "Reference Handler" daemon [_thread_blocked, id=10412, stack(0x000000cbfea00000,0x000000cbfeb00000)]
  0x0000026affc6baf0 JavaThread "Finalizer" daemon [_thread_blocked, id=10280, stack(0x000000cbfeb00000,0x000000cbfec00000)]
  0x0000026affc7e710 JavaThread "Signal Dispatcher" daemon [_thread_blocked, id=18276, stack(0x000000cbfec00000,0x000000cbfed00000)]
  0x0000026a979381d0 JavaThread "Attach Listener" daemon [_thread_blocked, id=6300, stack(0x000000cbfed00000,0x000000cbfee00000)]
  0x0000026a97938b80 JavaThread "Service Thread" daemon [_thread_blocked, id=2896, stack(0x000000cbfee00000,0x000000cbfef00000)]
  0x0000026a97939530 JavaThread "Monitor Deflation Thread" daemon [_thread_blocked, id=5940, stack(0x000000cbfef00000,0x000000cbff000000)]
  0x0000026a9793d7c0 JavaThread "C2 CompilerThread0" daemon [_thread_blocked, id=18516, stack(0x000000cbff000000,0x000000cbff100000)]
  0x0000026a97960280 JavaThread "C1 CompilerThread0" daemon [_thread_blocked, id=1376, stack(0x000000cbff100000,0x000000cbff200000)]
  0x0000026a9796b060 JavaThread "Sweeper thread" daemon [_thread_blocked, id=10736, stack(0x000000cbff200000,0x000000cbff300000)]
  0x0000026a97aeac50 JavaThread "JDWP Transport Listener: dt_socket" daemon [_thread_blocked, id=3420, stack(0x000000cbff500000,0x000000cbff600000)]
  0x0000026a97aed910 JavaThread "JDWP Event Helper Thread" daemon [_thread_blocked, id=17228, stack(0x000000cbff600000,0x000000cbff700000)]
  0x0000026a97aee410 JavaThread "JDWP Command Reader" daemon [_thread_in_native, id=1324, stack(0x000000cbff700000,0x000000cbff800000)]
  0x0000026a97afa140 JavaThread "Notification Thread" daemon [_thread_blocked, id=12816, stack(0x000000cbff800000,0x000000cbff900000)]
  0x0000026a97afaa20 JavaThread "Common-Cleaner" daemon [_thread_blocked, id=952, stack(0x000000cbffa00000,0x000000cbffb00000)]

Other Threads:
  0x0000026affc64070 VMThread "VM Thread" [stack: 0x000000cbfe900000,0x000000cbfea00000] [id=6888]
  0x0000026a97aca9b0 WatcherThread [stack: 0x000000cbff900000,0x000000cbffa00000] [id=16104]
  0x0000026ae9927390 GCTaskThread "GC Thread#0" [stack: 0x000000cbfe400000,0x000000cbfe500000] [id=3604]
  0x0000026ae993a270 ConcurrentGCThread "G1 Main Marker" [stack: 0x000000cbfe500000,0x000000cbfe600000] [id=8620]
  0x0000026ae993b420 ConcurrentGCThread "G1 Conc#0" [stack: 0x000000cbfe600000,0x000000cbfe700000] [id=6724]
  0x0000026ae998d140 ConcurrentGCThread "G1 Refine#0" [stack: 0x000000cbfe700000,0x000000cbfe800000] [id=2780]
  0x0000026ae998eb70 ConcurrentGCThread "G1 Service" [stack: 0x000000cbfe800000,0x000000cbfe900000] [id=1764]

Threads with active compile tasks:

VM state: not at safepoint (normal execution)

VM Mutex/Monitor currently owned by a thread: None

Heap address: 0x0000000601000000, size: 8176 MB, Compressed Oops mode: Zero based, Oop shift amount: 3

CDS archive(s) mapped at: [0x0000000800000000-0x0000000800bc0000-0x0000000800bc0000), size 12320768, SharedBaseAddress: 0x0000000800000000, ArchiveRelocationMode: 0.
Compressed class space mapped at: 0x0000000800c00000-0x0000000840c00000, reserved size: 1073741824
Narrow klass base: 0x0000000800000000, Narrow klass shift: 0, Narrow klass range: 0x100000000

GC Precious Log:
 CPUs: 16 total, 16 available
 Memory: 32693M
 Large Page Support: Disabled
 NUMA Support: Disabled
 Compressed Oops: Enabled (Zero based)
 Heap Region Size: 4M
 Heap Min Capacity: 8M
 Heap Initial Capacity: 512M
 Heap Max Capacity: 8176M
 Pre-touch: Disabled
 Parallel Workers: 13
 Concurrent Workers: 3
 Concurrent Refinement Workers: 13
 Periodic GC: Disabled

Heap:
 garbage-first heap   total 524288K, used 12288K [0x0000000601000000, 0x0000000800000000)
  region size 4096K, 4 young (16384K), 0 survivors (0K)
 Metaspace       used 4717K, committed 4928K, reserved 1056768K
  class space    used 291K, committed 384K, reserved 1048576K

Heap Regions: E=young(eden), S=young(survivor), O=old, HS=humongous(starts), HC=humongous(continues), CS=collection set, F=free, OA=open archive, CA=closed archive, TAMS=top-at-mark-start (previous, next)
|   0|0x0000000601000000, 0x0000000601000000, 0x0000000601400000|  0%| F|  |TAMS 0x0000000601000000, 0x0000000601000000| Untracked 
|   1|0x0000000601400000, 0x0000000601400000, 0x0000000601800000|  0%| F|  |TAMS 0x0000000601400000, 0x0000000601400000| Untracked 
|   2|0x0000000601800000, 0x0000000601800000, 0x0000000601c00000|  0%| F|  |TAMS 0x0000000601800000, 0x0000000601800000| Untracked 
|   3|0x0000000601c00000, 0x0000000601c00000, 0x0000000602000000|  0%| F|  |TAMS 0x0000000601c00000, 0x0000000601c00000| Untracked 
|   4|0x0000000602000000, 0x0000000602000000, 0x0000000602400000|  0%| F|  |TAMS 0x0000000602000000, 0x0000000602000000| Untracked 
|   5|0x0000000602400000, 0x0000000602400000, 0x0000000602800000|  0%| F|  |TAMS 0x0000000602400000, 0x0000000602400000| Untracked 
|   6|0x0000000602800000, 0x0000000602800000, 0x0000000602c00000|  0%| F|  |TAMS 0x0000000602800000, 0x0000000602800000| Untracked 
|   7|0x0000000602c00000, 0x0000000602c00000, 0x0000000603000000|  0%| F|  |TAMS 0x0000000602c00000, 0x0000000602c00000| Untracked 
|   8|0x0000000603000000, 0x0000000603000000, 0x0000000603400000|  0%| F|  |TAMS 0x0000000603000000, 0x0000000603000000| Untracked 
|   9|0x0000000603400000, 0x0000000603400000, 0x0000000603800000|  0%| F|  |TAMS 0x0000000603400000, 0x0000000603400000| Untracked 
|  10|0x0000000603800000, 0x0000000603800000, 0x0000000603c00000|  0%| F|  |TAMS 0x0000000603800000, 0x0000000603800000| Untracked 
|  11|0x0000000603c00000, 0x0000000603c00000, 0x0000000604000000|  0%| F|  |TAMS 0x0000000603c00000, 0x0000000603c00000| Untracked 
|  12|0x0000000604000000, 0x0000000604000000, 0x0000000604400000|  0%| F|  |TAMS 0x0000000604000000, 0x0000000604000000| Untracked 
|  13|0x0000000604400000, 0x0000000604400000, 0x0000000604800000|  0%| F|  |TAMS 0x0000000604400000, 0x0000000604400000| Untracked 
|  14|0x0000000604800000, 0x0000000604800000, 0x0000000604c00000|  0%| F|  |TAMS 0x0000000604800000, 0x0000000604800000| Untracked 
|  15|0x0000000604c00000, 0x0000000604c00000, 0x0000000605000000|  0%| F|  |TAMS 0x0000000604c00000, 0x0000000604c00000| Untracked 
|  16|0x0000000605000000, 0x0000000605000000, 0x0000000605400000|  0%| F|  |TAMS 0x0000000605000000, 0x0000000605000000| Untracked 
|  17|0x0000000605400000, 0x0000000605400000, 0x0000000605800000|  0%| F|  |TAMS 0x0000000605400000, 0x0000000605400000| Untracked 
|  18|0x0000000605800000, 0x0000000605800000, 0x0000000605c00000|  0%| F|  |TAMS 0x0000000605800000, 0x0000000605800000| Untracked 
|  19|0x0000000605c00000, 0x0000000605c00000, 0x0000000606000000|  0%| F|  |TAMS 0x0000000605c00000, 0x0000000605c00000| Untracked 
|  20|0x0000000606000000, 0x0000000606000000, 0x0000000606400000|  0%| F|  |TAMS 0x0000000606000000, 0x0000000606000000| Untracked 
|  21|0x0000000606400000, 0x0000000606400000, 0x0000000606800000|  0%| F|  |TAMS 0x0000000606400000, 0x0000000606400000| Untracked 
|  22|0x0000000606800000, 0x0000000606800000, 0x0000000606c00000|  0%| F|  |TAMS 0x0000000606800000, 0x0000000606800000| Untracked 
|  23|0x0000000606c00000, 0x0000000606c00000, 0x0000000607000000|  0%| F|  |TAMS 0x0000000606c00000, 0x0000000606c00000| Untracked 
|  24|0x0000000607000000, 0x0000000607000000, 0x0000000607400000|  0%| F|  |TAMS 0x0000000607000000, 0x0000000607000000| Untracked 
|  25|0x0000000607400000, 0x0000000607400000, 0x0000000607800000|  0%| F|  |TAMS 0x0000000607400000, 0x0000000607400000| Untracked 
|  26|0x0000000607800000, 0x0000000607800000, 0x0000000607c00000|  0%| F|  |TAMS 0x0000000607800000, 0x0000000607800000| Untracked 
|  27|0x0000000607c00000, 0x0000000607c00000, 0x0000000608000000|  0%| F|  |TAMS 0x0000000607c00000, 0x0000000607c00000| Untracked 
|  28|0x0000000608000000, 0x0000000608000000, 0x0000000608400000|  0%| F|  |TAMS 0x0000000608000000, 0x0000000608000000| Untracked 
|  29|0x0000000608400000, 0x0000000608400000, 0x0000000608800000|  0%| F|  |TAMS 0x0000000608400000, 0x0000000608400000| Untracked 
|  30|0x0000000608800000, 0x0000000608800000, 0x0000000608c00000|  0%| F|  |TAMS 0x0000000608800000, 0x0000000608800000| Untracked 
|  31|0x0000000608c00000, 0x0000000608c00000, 0x0000000609000000|  0%| F|  |TAMS 0x0000000608c00000, 0x0000000608c00000| Untracked 
|  32|0x0000000609000000, 0x0000000609000000, 0x0000000609400000|  0%| F|  |TAMS 0x0000000609000000, 0x0000000609000000| Untracked 
|  33|0x0000000609400000, 0x0000000609400000, 0x0000000609800000|  0%| F|  |TAMS 0x0000000609400000, 0x0000000609400000| Untracked 
|  34|0x0000000609800000, 0x0000000609800000, 0x0000000609c00000|  0%| F|  |TAMS 0x0000000609800000, 0x0000000609800000| Untracked 
|  35|0x0000000609c00000, 0x0000000609c00000, 0x000000060a000000|  0%| F|  |TAMS 0x0000000609c00000, 0x0000000609c00000| Untracked 
|  36|0x000000060a000000, 0x000000060a000000, 0x000000060a400000|  0%| F|  |TAMS 0x000000060a000000, 0x000000060a000000| Untracked 
|  37|0x000000060a400000, 0x000000060a400000, 0x000000060a800000|  0%| F|  |TAMS 0x000000060a400000, 0x000000060a400000| Untracked 
|  38|0x000000060a800000, 0x000000060a800000, 0x000000060ac00000|  0%| F|  |TAMS 0x000000060a800000, 0x000000060a800000| Untracked 
|  39|0x000000060ac00000, 0x000000060ac00000, 0x000000060b000000|  0%| F|  |TAMS 0x000000060ac00000, 0x000000060ac00000| Untracked 
|  40|0x000000060b000000, 0x000000060b000000, 0x000000060b400000|  0%| F|  |TAMS 0x000000060b000000, 0x000000060b000000| Untracked 
|  41|0x000000060b400000, 0x000000060b400000, 0x000000060b800000|  0%| F|  |TAMS 0x000000060b400000, 0x000000060b400000| Untracked 
|  42|0x000000060b800000, 0x000000060b800000, 0x000000060bc00000|  0%| F|  |TAMS 0x000000060b800000, 0x000000060b800000| Untracked 
|  43|0x000000060bc00000, 0x000000060bc00000, 0x000000060c000000|  0%| F|  |TAMS 0x000000060bc00000, 0x000000060bc00000| Untracked 
|  44|0x000000060c000000, 0x000000060c000000, 0x000000060c400000|  0%| F|  |TAMS 0x000000060c000000, 0x000000060c000000| Untracked 
|  45|0x000000060c400000, 0x000000060c400000, 0x000000060c800000|  0%| F|  |TAMS 0x000000060c400000, 0x000000060c400000| Untracked 
|  46|0x000000060c800000, 0x000000060c800000, 0x000000060cc00000|  0%| F|  |TAMS 0x000000060c800000, 0x000000060c800000| Untracked 
|  47|0x000000060cc00000, 0x000000060cc00000, 0x000000060d000000|  0%| F|  |TAMS 0x000000060cc00000, 0x000000060cc00000| Untracked 
|  48|0x000000060d000000, 0x000000060d000000, 0x000000060d400000|  0%| F|  |TAMS 0x000000060d000000, 0x000000060d000000| Untracked 
|  49|0x000000060d400000, 0x000000060d400000, 0x000000060d800000|  0%| F|  |TAMS 0x000000060d400000, 0x000000060d400000| Untracked 
|  50|0x000000060d800000, 0x000000060d800000, 0x000000060dc00000|  0%| F|  |TAMS 0x000000060d800000, 0x000000060d800000| Untracked 
|  51|0x000000060dc00000, 0x000000060dc00000, 0x000000060e000000|  0%| F|  |TAMS 0x000000060dc00000, 0x000000060dc00000| Untracked 
|  52|0x000000060e000000, 0x000000060e000000, 0x000000060e400000|  0%| F|  |TAMS 0x000000060e000000, 0x000000060e000000| Untracked 
|  53|0x000000060e400000, 0x000000060e400000, 0x000000060e800000|  0%| F|  |TAMS 0x000000060e400000, 0x000000060e400000| Untracked 
|  54|0x000000060e800000, 0x000000060e800000, 0x000000060ec00000|  0%| F|  |TAMS 0x000000060e800000, 0x000000060e800000| Untracked 
|  55|0x000000060ec00000, 0x000000060ec00000, 0x000000060f000000|  0%| F|  |TAMS 0x000000060ec00000, 0x000000060ec00000| Untracked 
|  56|0x000000060f000000, 0x000000060f000000, 0x000000060f400000|  0%| F|  |TAMS 0x000000060f000000, 0x000000060f000000| Untracked 
|  57|0x000000060f400000, 0x000000060f400000, 0x000000060f800000|  0%| F|  |TAMS 0x000000060f400000, 0x000000060f400000| Untracked 
|  58|0x000000060f800000, 0x000000060f800000, 0x000000060fc00000|  0%| F|  |TAMS 0x000000060f800000, 0x000000060f800000| Untracked 
|  59|0x000000060fc00000, 0x000000060fc00000, 0x0000000610000000|  0%| F|  |TAMS 0x000000060fc00000, 0x000000060fc00000| Untracked 
|  60|0x0000000610000000, 0x0000000610000000, 0x0000000610400000|  0%| F|  |TAMS 0x0000000610000000, 0x0000000610000000| Untracked 
|  61|0x0000000610400000, 0x0000000610400000, 0x0000000610800000|  0%| F|  |TAMS 0x0000000610400000, 0x0000000610400000| Untracked 
|  62|0x0000000610800000, 0x0000000610800000, 0x0000000610c00000|  0%| F|  |TAMS 0x0000000610800000, 0x0000000610800000| Untracked 
|  63|0x0000000610c00000, 0x0000000610c00000, 0x0000000611000000|  0%| F|  |TAMS 0x0000000610c00000, 0x0000000610c00000| Untracked 
|  64|0x0000000611000000, 0x0000000611000000, 0x0000000611400000|  0%| F|  |TAMS 0x0000000611000000, 0x0000000611000000| Untracked 
|  65|0x0000000611400000, 0x0000000611400000, 0x0000000611800000|  0%| F|  |TAMS 0x0000000611400000, 0x0000000611400000| Untracked 
|  66|0x0000000611800000, 0x0000000611800000, 0x0000000611c00000|  0%| F|  |TAMS 0x0000000611800000, 0x0000000611800000| Untracked 
|  67|0x0000000611c00000, 0x0000000611c00000, 0x0000000612000000|  0%| F|  |TAMS 0x0000000611c00000, 0x0000000611c00000| Untracked 
|  68|0x0000000612000000, 0x0000000612000000, 0x0000000612400000|  0%| F|  |TAMS 0x0000000612000000, 0x0000000612000000| Untracked 
|  69|0x0000000612400000, 0x0000000612400000, 0x0000000612800000|  0%| F|  |TAMS 0x0000000612400000, 0x0000000612400000| Untracked 
|  70|0x0000000612800000, 0x0000000612800000, 0x0000000612c00000|  0%| F|  |TAMS 0x0000000612800000, 0x0000000612800000| Untracked 
|  71|0x0000000612c00000, 0x0000000612c00000, 0x0000000613000000|  0%| F|  |TAMS 0x0000000612c00000, 0x0000000612c00000| Untracked 
|  72|0x0000000613000000, 0x0000000613000000, 0x0000000613400000|  0%| F|  |TAMS 0x0000000613000000, 0x0000000613000000| Untracked 
|  73|0x0000000613400000, 0x0000000613400000, 0x0000000613800000|  0%| F|  |TAMS 0x0000000613400000, 0x0000000613400000| Untracked 
|  74|0x0000000613800000, 0x0000000613800000, 0x0000000613c00000|  0%| F|  |TAMS 0x0000000613800000, 0x0000000613800000| Untracked 
|  75|0x0000000613c00000, 0x0000000613c00000, 0x0000000614000000|  0%| F|  |TAMS 0x0000000613c00000, 0x0000000613c00000| Untracked 
|  76|0x0000000614000000, 0x0000000614000000, 0x0000000614400000|  0%| F|  |TAMS 0x0000000614000000, 0x0000000614000000| Untracked 
|  77|0x0000000614400000, 0x0000000614400000, 0x0000000614800000|  0%| F|  |TAMS 0x0000000614400000, 0x0000000614400000| Untracked 
|  78|0x0000000614800000, 0x0000000614800000, 0x0000000614c00000|  0%| F|  |TAMS 0x0000000614800000, 0x0000000614800000| Untracked 
|  79|0x0000000614c00000, 0x0000000614c00000, 0x0000000615000000|  0%| F|  |TAMS 0x0000000614c00000, 0x0000000614c00000| Untracked 
|  80|0x0000000615000000, 0x0000000615000000, 0x0000000615400000|  0%| F|  |TAMS 0x0000000615000000, 0x0000000615000000| Untracked 
|  81|0x0000000615400000, 0x0000000615400000, 0x0000000615800000|  0%| F|  |TAMS 0x0000000615400000, 0x0000000615400000| Untracked 
|  82|0x0000000615800000, 0x0000000615800000, 0x0000000615c00000|  0%| F|  |TAMS 0x0000000615800000, 0x0000000615800000| Untracked 
|  83|0x0000000615c00000, 0x0000000615c00000, 0x0000000616000000|  0%| F|  |TAMS 0x0000000615c00000, 0x0000000615c00000| Untracked 
|  84|0x0000000616000000, 0x0000000616000000, 0x0000000616400000|  0%| F|  |TAMS 0x0000000616000000, 0x0000000616000000| Untracked 
|  85|0x0000000616400000, 0x0000000616400000, 0x0000000616800000|  0%| F|  |TAMS 0x0000000616400000, 0x0000000616400000| Untracked 
|  86|0x0000000616800000, 0x0000000616800000, 0x0000000616c00000|  0%| F|  |TAMS 0x0000000616800000, 0x0000000616800000| Untracked 
|  87|0x0000000616c00000, 0x0000000616c00000, 0x0000000617000000|  0%| F|  |TAMS 0x0000000616c00000, 0x0000000616c00000| Untracked 
|  88|0x0000000617000000, 0x0000000617000000, 0x0000000617400000|  0%| F|  |TAMS 0x0000000617000000, 0x0000000617000000| Untracked 
|  89|0x0000000617400000, 0x0000000617400000, 0x0000000617800000|  0%| F|  |TAMS 0x0000000617400000, 0x0000000617400000| Untracked 
|  90|0x0000000617800000, 0x0000000617800000, 0x0000000617c00000|  0%| F|  |TAMS 0x0000000617800000, 0x0000000617800000| Untracked 
|  91|0x0000000617c00000, 0x0000000617c00000, 0x0000000618000000|  0%| F|  |TAMS 0x0000000617c00000, 0x0000000617c00000| Untracked 
|  92|0x0000000618000000, 0x0000000618000000, 0x0000000618400000|  0%| F|  |TAMS 0x0000000618000000, 0x0000000618000000| Untracked 
|  93|0x0000000618400000, 0x0000000618400000, 0x0000000618800000|  0%| F|  |TAMS 0x0000000618400000, 0x0000000618400000| Untracked 
|  94|0x0000000618800000, 0x0000000618800000, 0x0000000618c00000|  0%| F|  |TAMS 0x0000000618800000, 0x0000000618800000| Untracked 
|  95|0x0000000618c00000, 0x0000000618c00000, 0x0000000619000000|  0%| F|  |TAMS 0x0000000618c00000, 0x0000000618c00000| Untracked 
|  96|0x0000000619000000, 0x0000000619000000, 0x0000000619400000|  0%| F|  |TAMS 0x0000000619000000, 0x0000000619000000| Untracked 
|  97|0x0000000619400000, 0x0000000619400000, 0x0000000619800000|  0%| F|  |TAMS 0x0000000619400000, 0x0000000619400000| Untracked 
|  98|0x0000000619800000, 0x0000000619800000, 0x0000000619c00000|  0%| F|  |TAMS 0x0000000619800000, 0x0000000619800000| Untracked 
|  99|0x0000000619c00000, 0x0000000619c00000, 0x000000061a000000|  0%| F|  |TAMS 0x0000000619c00000, 0x0000000619c00000| Untracked 
| 100|0x000000061a000000, 0x000000061a000000, 0x000000061a400000|  0%| F|  |TAMS 0x000000061a000000, 0x000000061a000000| Untracked 
| 101|0x000000061a400000, 0x000000061a400000, 0x000000061a800000|  0%| F|  |TAMS 0x000000061a400000, 0x000000061a400000| Untracked 
| 102|0x000000061a800000, 0x000000061a800000, 0x000000061ac00000|  0%| F|  |TAMS 0x000000061a800000, 0x000000061a800000| Untracked 
| 103|0x000000061ac00000, 0x000000061ac00000, 0x000000061b000000|  0%| F|  |TAMS 0x000000061ac00000, 0x000000061ac00000| Untracked 
| 104|0x000000061b000000, 0x000000061b000000, 0x000000061b400000|  0%| F|  |TAMS 0x000000061b000000, 0x000000061b000000| Untracked 
| 105|0x000000061b400000, 0x000000061b400000, 0x000000061b800000|  0%| F|  |TAMS 0x000000061b400000, 0x000000061b400000| Untracked 
| 106|0x000000061b800000, 0x000000061b800000, 0x000000061bc00000|  0%| F|  |TAMS 0x000000061b800000, 0x000000061b800000| Untracked 
| 107|0x000000061bc00000, 0x000000061bc00000, 0x000000061c000000|  0%| F|  |TAMS 0x000000061bc00000, 0x000000061bc00000| Untracked 
| 108|0x000000061c000000, 0x000000061c000000, 0x000000061c400000|  0%| F|  |TAMS 0x000000061c000000, 0x000000061c000000| Untracked 
| 109|0x000000061c400000, 0x000000061c400000, 0x000000061c800000|  0%| F|  |TAMS 0x000000061c400000, 0x000000061c400000| Untracked 
| 110|0x000000061c800000, 0x000000061c800000, 0x000000061cc00000|  0%| F|  |TAMS 0x000000061c800000, 0x000000061c800000| Untracked 
| 111|0x000000061cc00000, 0x000000061cc00000, 0x000000061d000000|  0%| F|  |TAMS 0x000000061cc00000, 0x000000061cc00000| Untracked 
| 112|0x000000061d000000, 0x000000061d000000, 0x000000061d400000|  0%| F|  |TAMS 0x000000061d000000, 0x000000061d000000| Untracked 
| 113|0x000000061d400000, 0x000000061d400000, 0x000000061d800000|  0%| F|  |TAMS 0x000000061d400000, 0x000000061d400000| Untracked 
| 114|0x000000061d800000, 0x000000061d800000, 0x000000061dc00000|  0%| F|  |TAMS 0x000000061d800000, 0x000000061d800000| Untracked 
| 115|0x000000061dc00000, 0x000000061dc00000, 0x000000061e000000|  0%| F|  |TAMS 0x000000061dc00000, 0x000000061dc00000| Untracked 
| 116|0x000000061e000000, 0x000000061e000000, 0x000000061e400000|  0%| F|  |TAMS 0x000000061e000000, 0x000000061e000000| Untracked 
| 117|0x000000061e400000, 0x000000061e400000, 0x000000061e800000|  0%| F|  |TAMS 0x000000061e400000, 0x000000061e400000| Untracked 
| 118|0x000000061e800000, 0x000000061e800000, 0x000000061ec00000|  0%| F|  |TAMS 0x000000061e800000, 0x000000061e800000| Untracked 
| 119|0x000000061ec00000, 0x000000061ec00000, 0x000000061f000000|  0%| F|  |TAMS 0x000000061ec00000, 0x000000061ec00000| Untracked 
| 120|0x000000061f000000, 0x000000061f000000, 0x000000061f400000|  0%| F|  |TAMS 0x000000061f000000, 0x000000061f000000| Untracked 
| 121|0x000000061f400000, 0x000000061f400000, 0x000000061f800000|  0%| F|  |TAMS 0x000000061f400000, 0x000000061f400000| Untracked 
| 122|0x000000061f800000, 0x000000061f800000, 0x000000061fc00000|  0%| F|  |TAMS 0x000000061f800000, 0x000000061f800000| Untracked 
| 123|0x000000061fc00000, 0x000000061fc00000, 0x0000000620000000|  0%| F|  |TAMS 0x000000061fc00000, 0x000000061fc00000| Untracked 
| 124|0x0000000620000000, 0x00000006202b0300, 0x0000000620400000| 67%| E|  |TAMS 0x0000000620000000, 0x0000000620000000| Complete 
| 125|0x0000000620400000, 0x0000000620800000, 0x0000000620800000|100%| E|CS|TAMS 0x0000000620400000, 0x0000000620400000| Complete 
| 126|0x0000000620800000, 0x0000000620c00000, 0x0000000620c00000|100%| E|CS|TAMS 0x0000000620800000, 0x0000000620800000| Complete 
| 127|0x0000000620c00000, 0x0000000621000000, 0x0000000621000000|100%| E|CS|TAMS 0x0000000620c00000, 0x0000000620c00000| Complete 

Card table byte_map: [0x0000026af2c10000,0x0000026af3c10000] _byte_map_base: 0x0000026aefc08000

Marking Bits (Prev, Next): (CMBitMap*) 0x0000026ae99299c0, (CMBitMap*) 0x0000026ae9929a00
 Prev Bits: [0x0000026af4c10000, 0x0000026afcbd0000)
 Next Bits: [0x0000026a8f000000, 0x0000026a96fc0000)

Polling page: 0x0000026ae7610000

Metaspace:

Usage:
  Non-class:      4.32 MB used.
      Class:    291.22 KB used.
       Both:      4.61 MB used.

Virtual space:
  Non-class space:        8.00 MB reserved,       4.44 MB ( 55%) committed,  1 nodes.
      Class space:        1.00 GB reserved,     384.00 KB ( <1%) committed,  1 nodes.
             Both:        1.01 GB reserved,       4.81 MB ( <1%) committed. 

Chunk freelists:
   Non-Class:  1008.00 KB
       Class:  3.54 MB
        Both:  4.52 MB

MaxMetaspaceSize: unlimited
CompressedClassSpaceSize: 1.00 GB
Initial GC threshold: 21.00 MB
Current GC threshold: 21.00 MB
CDS: on
MetaspaceReclaimPolicy: balanced
 - commit_granule_bytes: 65536.
 - commit_granule_words: 8192.
 - virtual_space_node_default_size: 1048576.
 - enlarge_chunks_in_place: 1.
 - new_chunks_are_fully_committed: 0.
 - uncommit_free_chunks: 1.
 - use_allocation_guard: 0.
 - handle_deallocations: 1.


Internal statistics:

num_allocs_failed_limit: 0.
num_arena_births: 76.
num_arena_deaths: 0.
num_vsnodes_births: 2.
num_vsnodes_deaths: 0.
num_space_committed: 75.
num_space_uncommitted: 0.
num_chunks_returned_to_freelist: 0.
num_chunks_taken_from_freelist: 212.
num_chunk_merges: 0.
num_chunk_splits: 147.
num_chunks_enlarged: 106.
num_purges: 0.
num_inconsistent_stats: 0.

CodeHeap 'non-profiled nmethods': size=119168Kb used=241Kb max_used=241Kb free=118926Kb
 bounds [0x0000026a87ba0000, 0x0000026a87e10000, 0x0000026a8f000000]
CodeHeap 'profiled nmethods': size=119104Kb used=1632Kb max_used=1632Kb free=117471Kb
 bounds [0x0000026a80750000, 0x0000026a809c0000, 0x0000026a87ba0000]
CodeHeap 'non-nmethods': size=7488Kb used=1645Kb max_used=2786Kb free=5842Kb
 bounds [0x0000026a80000000, 0x0000026a802c0000, 0x0000026a80750000]
 total_blobs=1928 nmethods=928 adapters=913
 compilation: enabled
              stopped_count=0, restarted_count=0
 full_count=0

Compilation events (20 events):
Event: 4.033 Thread 0x0000026a97960280  918       3       org.lwjgl.glfw.GLFW::glfwWindowShouldClose (29 bytes)
Event: 4.033 Thread 0x0000026a97960280 nmethod 918 0x0000026a808e1890 code [0x0000026a808e1a60, 0x0000026a808e1d78]
Event: 4.033 Thread 0x0000026a97960280  920   !   3       de.kostari.cloud.core.window.Sync::sync (128 bytes)
Event: 4.033 Thread 0x0000026a97960280 nmethod 920 0x0000026a808e1f10 code [0x0000026a808e2240, 0x0000026a808e2ee8]
Event: 4.033 Thread 0x0000026a97960280  921       3       de.kostari.cloud.core.window.Window::updateScreen (27 bytes)
Event: 4.033 Thread 0x0000026a97960280 nmethod 921 0x0000026a808e3590 code [0x0000026a808e3780, 0x0000026a808e3b78]
Event: 4.033 Thread 0x0000026a97960280  922       3       de.kostari.cloud.utilities.input.Input::setMouseScroll (10 bytes)
Event: 4.033 Thread 0x0000026a97960280 nmethod 922 0x0000026a808e3d90 code [0x0000026a808e3f20, 0x0000026a808e4098]
Event: 4.033 Thread 0x0000026a97960280  923       3       org.lwjgl.glfw.GLFW::glfwPollEvents (9 bytes)
Event: 4.034 Thread 0x0000026a97960280 nmethod 923 0x0000026a808e4190 code [0x0000026a808e4320, 0x0000026a808e4448]
Event: 4.034 Thread 0x0000026a97960280  924       3       de.kostari.cloud.core.window.Window::updateCursor (44 bytes)
Event: 4.034 Thread 0x0000026a97960280 nmethod 924 0x0000026a808e4510 code [0x0000026a808e47e0, 0x0000026a808e53c8]
Event: 4.034 Thread 0x0000026a97960280  925       3       org.lwjgl.glfw.GLFW::glfwGetCursorPos (29 bytes)
Event: 4.034 Thread 0x0000026a97960280 nmethod 925 0x0000026a808e5910 code [0x0000026a808e5b60, 0x0000026a808e6508]
Event: 4.049 Thread 0x0000026a97960280  926       3       de.kostari.cloud.core.window.FrameTimer::updateFPS (11 bytes)
Event: 4.049 Thread 0x0000026a97960280 nmethod 926 0x0000026a808e6910 code [0x0000026a808e6aa0, 0x0000026a808e6bb8]
Event: 4.049 Thread 0x0000026a97960280  927       3       de.kostari.cloud.core.window.FrameTimer::updateCounters (46 bytes)
Event: 4.049 Thread 0x0000026a97960280 nmethod 927 0x0000026a808e6c90 code [0x0000026a808e6e40, 0x0000026a808e6fd8]
Event: 4.649 Thread 0x0000026a97960280  928       3       java.util.Arrays::rangeCheck (74 bytes)
Event: 4.650 Thread 0x0000026a97960280 nmethod 928 0x0000026a808e7090 code [0x0000026a808e7340, 0x0000026a808e7d08]

GC Heap History (0 events):
No events

Deoptimization events (10 events):
Event: 0.108 Thread 0x0000026ae98b16e0 DEOPT PACKING pc=0x0000026a8076aaea sp=0x000000cbfe3fe260
Event: 0.108 Thread 0x0000026ae98b16e0 DEOPT UNPACKING pc=0x0000026a80052b43 sp=0x000000cbfe3fd680 mode 0
Event: 0.164 Thread 0x0000026ae98b16e0 DEOPT PACKING pc=0x0000026a80779979 sp=0x000000cbfe3fcf00
Event: 0.164 Thread 0x0000026ae98b16e0 DEOPT UNPACKING pc=0x0000026a80052b43 sp=0x000000cbfe3fc360 mode 0
Event: 0.398 Thread 0x0000026ae98b16e0 Uncommon trap: trap_request=0xffffff5c fr.pc=0x0000026a87bd04dc relative=0x000000000000005c
Event: 0.398 Thread 0x0000026ae98b16e0 Uncommon trap: reason=speculate_null_check action=make_not_entrant pc=0x0000026a87bd04dc method=sun.misc.Unsafe.getLong(Ljava/lang/Object;J)J @ 5 c2
Event: 0.398 Thread 0x0000026ae98b16e0 DEOPT PACKING pc=0x0000026a87bd04dc sp=0x000000cbfe3ff070
Event: 0.398 Thread 0x0000026ae98b16e0 DEOPT UNPACKING pc=0x0000026a800523a3 sp=0x000000cbfe3feff8 mode 2
Event: 4.016 Thread 0x0000026ae98b16e0 DEOPT PACKING pc=0x0000026a808c6b25 sp=0x000000cbfe3ff470
Event: 4.016 Thread 0x0000026ae98b16e0 DEOPT UNPACKING pc=0x0000026a80052b43 sp=0x000000cbfe3fe970 mode 0

Classes unloaded (0 events):
No events

Classes redefined (0 events):
No events

Internal exceptions (20 events):
Event: 0.138 Thread 0x0000026ae98b16e0 Exception <a 'java/lang/NoSuchMethodError'{0x0000000620b9b280}: 'int java.lang.invoke.DirectMethodHandle$Holder.invokeSpecial(java.lang.Object, java.lang.Object, java.lang.Object)'> (0x0000000620b9b280) 
thrown [e:\jenkins\tmp\workspace\build\src\src\hotspot\share\interpreter\linkResolver.cpp, line 766]
Event: 0.155 Thread 0x0000026ae98b16e0 Exception <a 'sun/nio/fs/WindowsException'{0x0000000620bfe978}> (0x0000000620bfe978) 
thrown [e:\jenkins\tmp\workspace\build\src\src\hotspot\share\prims\jni.cpp, line 516]
Event: 0.155 Thread 0x0000026ae98b16e0 Exception <a 'sun/nio/fs/WindowsException'{0x0000000620bfeec8}> (0x0000000620bfeec8) 
thrown [e:\jenkins\tmp\workspace\build\src\src\hotspot\share\prims\jni.cpp, line 516]
Event: 0.160 Thread 0x0000026ae98b16e0 Exception <a 'java/lang/NoSuchMethodError'{0x0000000620427080}: 'int java.lang.invoke.DirectMethodHandle$Holder.invokeStaticInit(java.lang.Object, java.lang.Object, int, long)'> (0x0000000620427080) 
thrown [e:\jenkins\tmp\workspace\build\src\src\hotspot\share\interpreter\linkResolver.cpp, line 766]
Event: 0.161 Thread 0x0000026ae98b16e0 Exception <a 'java/lang/NoSuchMethodError'{0x000000062042c948}: 'java.lang.Object java.lang.invoke.DirectMethodHandle$Holder.newInvokeSpecial(java.lang.Object, java.lang.Object, int)'> (0x000000062042c948) 
thrown [e:\jenkins\tmp\workspace\build\src\src\hotspot\share\interpreter\linkResolver.cpp, line 766]
Event: 0.162 Thread 0x0000026ae98b16e0 Exception <a 'java/lang/NoSuchMethodError'{0x000000062043b580}: 'int java.lang.invoke.DirectMethodHandle$Holder.invokeStaticInit(java.lang.Object, java.lang.Object, long, long)'> (0x000000062043b580) 
thrown [e:\jenkins\tmp\workspace\build\src\src\hotspot\share\interpreter\linkResolver.cpp, line 766]
Event: 0.162 Thread 0x0000026ae98b16e0 Exception <a 'java/lang/NoSuchMethodError'{0x0000000620441690}: 'java.lang.Object java.lang.invoke.DirectMethodHandle$Holder.newInvokeSpecial(java.lang.Object, java.lang.Object, long)'> (0x0000000620441690) 
thrown [e:\jenkins\tmp\workspace\build\src\src\hotspot\share\interpreter\linkResolver.cpp, line 766]
Event: 0.162 Thread 0x0000026ae98b16e0 Exception <a 'java/lang/NoSuchMethodError'{0x00000006204456d8}: 'java.lang.Object java.lang.invoke.Invokers$Holder.linkToTargetMethod(java.lang.Object, long, java.lang.Object)'> (0x00000006204456d8) 
thrown [e:\jenkins\tmp\workspace\build\src\src\hotspot\share\interpreter\linkResolver.cpp, line 766]
Event: 0.163 Thread 0x0000026ae98b16e0 Exception <a 'java/lang/NoSuchMethodError'{0x000000062044cef0}: 'int java.lang.invoke.DirectMethodHandle$Holder.invokeStaticInit(java.lang.Object, java.lang.Object, java.lang.Object, long)'> (0x000000062044cef0) 
thrown [e:\jenkins\tmp\workspace\build\src\src\hotspot\share\interpreter\linkResolver.cpp, line 766]
Event: 0.173 Thread 0x0000026ae98b16e0 Exception <a 'sun/nio/fs/WindowsException'{0x00000006204e4710}> (0x00000006204e4710) 
thrown [e:\jenkins\tmp\workspace\build\src\src\hotspot\share\prims\jni.cpp, line 516]
Event: 0.173 Thread 0x0000026ae98b16e0 Exception <a 'sun/nio/fs/WindowsException'{0x00000006204e4a70}> (0x00000006204e4a70) 
thrown [e:\jenkins\tmp\workspace\build\src\src\hotspot\share\prims\jni.cpp, line 516]
Event: 0.362 Thread 0x0000026ae98b16e0 Exception <a 'sun/nio/fs/WindowsException'{0x00000006205939f8}> (0x00000006205939f8) 
thrown [e:\jenkins\tmp\workspace\build\src\src\hotspot\share\prims\jni.cpp, line 516]
Event: 0.362 Thread 0x0000026ae98b16e0 Exception <a 'sun/nio/fs/WindowsException'{0x0000000620593d78}> (0x0000000620593d78) 
thrown [e:\jenkins\tmp\workspace\build\src\src\hotspot\share\prims\jni.cpp, line 516]
Event: 0.380 Thread 0x0000026ae98b16e0 Exception <a 'java/lang/NoSuchMethodError'{0x00000006205c2958}: 'java.lang.Object java.lang.invoke.DirectMethodHandle$Holder.newInvokeSpecial(java.lang.Object, long)'> (0x00000006205c2958) 
thrown [e:\jenkins\tmp\workspace\build\src\src\hotspot\share\interpreter\linkResolver.cpp, line 766]
Event: 0.387 Thread 0x0000026ae98b16e0 Exception <a 'sun/nio/fs/WindowsException'{0x000000062060eab8}> (0x000000062060eab8) 
thrown [e:\jenkins\tmp\workspace\build\src\src\hotspot\share\prims\jni.cpp, line 516]
Event: 0.387 Thread 0x0000026ae98b16e0 Exception <a 'sun/nio/fs/WindowsException'{0x000000062060ee60}> (0x000000062060ee60) 
thrown [e:\jenkins\tmp\workspace\build\src\src\hotspot\share\prims\jni.cpp, line 516]
Event: 0.389 Thread 0x0000026ae98b16e0 Exception <a 'sun/nio/fs/WindowsException'{0x0000000620614d58}> (0x0000000620614d58) 
thrown [e:\jenkins\tmp\workspace\build\src\src\hotspot\share\prims\jni.cpp, line 516]
Event: 0.389 Thread 0x0000026ae98b16e0 Exception <a 'sun/nio/fs/WindowsException'{0x0000000620615038}> (0x0000000620615038) 
thrown [e:\jenkins\tmp\workspace\build\src\src\hotspot\share\prims\jni.cpp, line 516]
Event: 0.618 Thread 0x0000026ae98b16e0 Exception <a 'sun/nio/fs/WindowsException'{0x00000006200dd9f0}> (0x00000006200dd9f0) 
thrown [e:\jenkins\tmp\workspace\build\src\src\hotspot\share\prims\jni.cpp, line 516]
Event: 0.618 Thread 0x0000026ae98b16e0 Exception <a 'sun/nio/fs/WindowsException'{0x00000006200ddd70}> (0x00000006200ddd70) 
thrown [e:\jenkins\tmp\workspace\build\src\src\hotspot\share\prims\jni.cpp, line 516]

VM Operations (12 events):
Event: 0.035 Executing VM operation: ChangeBreakpoints
Event: 0.035 Executing VM operation: ChangeBreakpoints done
Event: 0.075 Executing VM operation: HandshakeAllThreads
Event: 0.075 Executing VM operation: HandshakeAllThreads done
Event: 0.137 Executing VM operation: HandshakeAllThreads
Event: 0.137 Executing VM operation: HandshakeAllThreads done
Event: 0.151 Executing VM operation: HandshakeAllThreads
Event: 0.151 Executing VM operation: HandshakeAllThreads done
Event: 1.158 Executing VM operation: Cleanup
Event: 1.158 Executing VM operation: Cleanup done
Event: 4.165 Executing VM operation: Cleanup
Event: 4.165 Executing VM operation: Cleanup done

Events (20 events):
Event: 0.388 Loaded shared library C:\Users\chris\AppData\Local\Temp\lwjglchris\3.3.1-build-7\lwjgl_opengl.dll
Event: 0.391 loading class jdk/internal/module/ModulePatcher$PatchedModuleReader
Event: 0.391 loading class jdk/internal/module/ModulePatcher$PatchedModuleReader done
Event: 0.391 loading class sun/net/www/protocol/jrt/Handler
Event: 0.391 loading class sun/net/www/protocol/jrt/Handler done
Event: 0.393 loading class sun/util/resources/LocaleData$CommonResourceBundleProvider
Event: 0.393 loading class sun/util/resources/LocaleData$LocaleDataResourceBundleProvider
Event: 0.393 loading class java/util/spi/ResourceBundleProvider
Event: 0.393 loading class java/util/spi/ResourceBundleProvider done
Event: 0.393 loading class sun/util/resources/LocaleData$LocaleDataResourceBundleProvider done
Event: 0.393 loading class sun/util/resources/LocaleData$CommonResourceBundleProvider done
Event: 0.394 loading class sun/util/resources/Bundles$2
Event: 0.394 loading class sun/util/resources/Bundles$2 done
Event: 0.619 Loaded shared library C:\Users\chris\AppData\Local\Temp\lwjglchris\3.3.1-build-7\lwjgl_stb.dll
Event: 0.625 loading class java/lang/InterruptedException
Event: 0.625 loading class java/lang/InterruptedException done
Event: 0.636 loading class java/util/ComparableTimSort
Event: 0.636 loading class java/util/ComparableTimSort done
Event: 3.583 Thread 0x0000026a97a9b1a0 Thread exited: 0x0000026a97a9b1a0
Event: 3.583 Thread 0x0000026a97a9c770 Thread exited: 0x0000026a97a9c770


Dynamic libraries:
0x00007ff6c39a0000 - 0x00007ff6c39ae000 	C:\Program Files\Eclipse Adoptium\jdk-17.0.2.8-hotspot\bin\java.exe
0x00007ff893850000 - 0x00007ff893a45000 	C:\Windows\SYSTEM32\ntdll.dll
0x00007ff891a10000 - 0x00007ff891ace000 	C:\Windows\System32\KERNEL32.DLL
0x00007ff891570000 - 0x00007ff891838000 	C:\Windows\System32\KERNELBASE.dll
0x00007ff891210000 - 0x00007ff891310000 	C:\Windows\System32\ucrtbase.dll
0x00007ff88d8f0000 - 0x00007ff88d909000 	C:\Program Files\Eclipse Adoptium\jdk-17.0.2.8-hotspot\bin\VCRUNTIME140.dll
0x00007ff88d8d0000 - 0x00007ff88d8e8000 	C:\Program Files\Eclipse Adoptium\jdk-17.0.2.8-hotspot\bin\jli.dll
0x00007ff893670000 - 0x00007ff893810000 	C:\Windows\System32\USER32.dll
0x00007ff880d70000 - 0x00007ff88100a000 	C:\Windows\WinSxS\amd64_microsoft.windows.common-controls_6595b64144ccf1df_6.0.19041.1110_none_60b5254171f9507e\COMCTL32.dll
0x00007ff890f70000 - 0x00007ff890f92000 	C:\Windows\System32\win32u.dll
0x00007ff8926c0000 - 0x00007ff89275e000 	C:\Windows\System32\msvcrt.dll
0x00007ff8928e0000 - 0x00007ff89290a000 	C:\Windows\System32\GDI32.dll
0x00007ff890fa0000 - 0x00007ff8910ab000 	C:\Windows\System32\gdi32full.dll
0x00007ff891310000 - 0x00007ff8913ad000 	C:\Windows\System32\msvcp_win.dll
0x00007ff892300000 - 0x00007ff892330000 	C:\Windows\System32\IMM32.DLL
0x00007ff88e1f0000 - 0x00007ff88e1fc000 	C:\Program Files\Eclipse Adoptium\jdk-17.0.2.8-hotspot\bin\vcruntime140_1.dll
0x00007ff88d830000 - 0x00007ff88d8c1000 	C:\Program Files\Eclipse Adoptium\jdk-17.0.2.8-hotspot\bin\msvcp140.dll
0x00007fffe6d10000 - 0x00007fffe7957000 	C:\Program Files\Eclipse Adoptium\jdk-17.0.2.8-hotspot\bin\server\jvm.dll
0x00007ff892c80000 - 0x00007ff892d2e000 	C:\Windows\System32\ADVAPI32.dll
0x00007ff8924e0000 - 0x00007ff89257c000 	C:\Windows\System32\sechost.dll
0x00007ff8929d0000 - 0x00007ff892af5000 	C:\Windows\System32\RPCRT4.dll
0x00007ff8918b0000 - 0x00007ff8918b8000 	C:\Windows\System32\PSAPI.DLL
0x00007ff874080000 - 0x00007ff874089000 	C:\Windows\SYSTEM32\WSOCK32.dll
0x00007ff887290000 - 0x00007ff8872b7000 	C:\Windows\SYSTEM32\WINMM.dll
0x00007ff88ae00000 - 0x00007ff88ae0a000 	C:\Windows\SYSTEM32\VERSION.dll
0x00007ff892650000 - 0x00007ff8926bb000 	C:\Windows\System32\WS2_32.dll
0x00007ff88ef20000 - 0x00007ff88ef32000 	C:\Windows\SYSTEM32\kernel.appcore.dll
0x00007ff88d820000 - 0x00007ff88d82a000 	C:\Program Files\Eclipse Adoptium\jdk-17.0.2.8-hotspot\bin\jimage.dll
0x00007ff88eba0000 - 0x00007ff88ed84000 	C:\Windows\SYSTEM32\DBGHELP.DLL
0x00007ff87ca90000 - 0x00007ff87cabc000 	C:\Windows\SYSTEM32\dbgcore.DLL
0x00007ff8913b0000 - 0x00007ff891432000 	C:\Windows\System32\bcryptPrimitives.dll
0x00007ff88d7e0000 - 0x00007ff88d81b000 	C:\Program Files\Eclipse Adoptium\jdk-17.0.2.8-hotspot\bin\jdwp.dll
0x00007ff88bf50000 - 0x00007ff88bf75000 	C:\Program Files\Eclipse Adoptium\jdk-17.0.2.8-hotspot\bin\java.dll
0x00007ff87d040000 - 0x00007ff87d116000 	C:\Program Files\Eclipse Adoptium\jdk-17.0.2.8-hotspot\bin\jsvml.dll
0x00007ff892d90000 - 0x00007ff8934d4000 	C:\Windows\System32\SHELL32.dll
0x00007ff88f0b0000 - 0x00007ff88f844000 	C:\Windows\SYSTEM32\windows.storage.dll
0x00007ff891b30000 - 0x00007ff891e84000 	C:\Windows\System32\combase.dll
0x00007ff8909e0000 - 0x00007ff890a0c000 	C:\Windows\SYSTEM32\Wldp.dll
0x00007ff8918c0000 - 0x00007ff89196d000 	C:\Windows\System32\SHCORE.dll
0x00007ff892880000 - 0x00007ff8928d5000 	C:\Windows\System32\shlwapi.dll
0x00007ff890eb0000 - 0x00007ff890ecf000 	C:\Windows\SYSTEM32\profapi.dll
0x00007ff88d7d0000 - 0x00007ff88d7dc000 	C:\Program Files\Eclipse Adoptium\jdk-17.0.2.8-hotspot\bin\dt_socket.dll
0x00007ff8903e0000 - 0x00007ff89041b000 	C:\Windows\SYSTEM32\IPHLPAPI.DLL
0x00007ff890740000 - 0x00007ff8907aa000 	C:\Windows\system32\mswsock.dll
0x00007ff890430000 - 0x00007ff8904fb000 	C:\Windows\SYSTEM32\DNSAPI.dll
0x00007ff892be0000 - 0x00007ff892be8000 	C:\Windows\System32\NSI.dll
0x00007ff888cd0000 - 0x00007ff888cda000 	C:\Windows\System32\rasadhlp.dll
0x00007ff8881d0000 - 0x00007ff88824f000 	C:\Windows\System32\fwpuclnt.dll
0x00007ff8914f0000 - 0x00007ff891517000 	C:\Windows\System32\bcrypt.dll
0x00007ff88b7c0000 - 0x00007ff88b7d9000 	C:\Program Files\Eclipse Adoptium\jdk-17.0.2.8-hotspot\bin\net.dll
0x00007ff88bb50000 - 0x00007ff88bc5a000 	C:\Windows\SYSTEM32\WINHTTP.dll
0x00007ff87f850000 - 0x00007ff87f865000 	C:\Program Files\Eclipse Adoptium\jdk-17.0.2.8-hotspot\bin\nio.dll
0x00007ff87f760000 - 0x00007ff87f778000 	C:\Program Files\Eclipse Adoptium\jdk-17.0.2.8-hotspot\bin\zip.dll
0x00007ff86d230000 - 0x00007ff86d2a5000 	C:\Users\chris\AppData\Local\Temp\lwjglchris\3.3.1-build-7\lwjgl.dll
0x00007ff87f6f0000 - 0x00007ff87f751000 	C:\Users\chris\AppData\Local\Temp\lwjglchris\3.3.1-build-7\glfw.dll
0x00007ff86db40000 - 0x00007ff86db85000 	C:\Windows\SYSTEM32\dinput8.dll
0x00007ff823190000 - 0x00007ff8231a1000 	C:\Windows\SYSTEM32\xinput1_4.dll
0x00007ff891520000 - 0x00007ff89156e000 	C:\Windows\System32\cfgmgr32.dll
0x00007ff890d20000 - 0x00007ff890d4c000 	C:\Windows\SYSTEM32\DEVOBJ.dll
0x00007ff88e780000 - 0x00007ff88e7af000 	C:\Windows\SYSTEM32\dwmapi.dll
0x00007ff87ccf0000 - 0x00007ff87ce42000 	C:\Windows\SYSTEM32\inputhost.dll
0x00007ff892580000 - 0x00007ff89264d000 	C:\Windows\System32\OLEAUT32.dll
0x00007ff88dff0000 - 0x00007ff88e0e2000 	C:\Windows\SYSTEM32\CoreMessaging.dll
0x00007ff88c350000 - 0x00007ff88c446000 	C:\Windows\SYSTEM32\PROPSYS.dll
0x00007ff88d450000 - 0x00007ff88d5a4000 	C:\Windows\SYSTEM32\wintypes.dll
0x00007ff88dc90000 - 0x00007ff88dfee000 	C:\Windows\SYSTEM32\CoreUIComponents.dll
0x00007ff88fc80000 - 0x00007ff88fcb3000 	C:\Windows\SYSTEM32\ntmarta.dll
0x00007ff88e570000 - 0x00007ff88e60e000 	C:\Windows\system32\uxtheme.dll
0x00007ff892760000 - 0x00007ff892875000 	C:\Windows\System32\MSCTF.dll
0x00007ff805a00000 - 0x00007ff805b26000 	C:\Windows\SYSTEM32\opengl32.dll
0x00007ff805bc0000 - 0x00007ff805bec000 	C:\Windows\SYSTEM32\GLU32.dll
0x00007ff892920000 - 0x00007ff8929c9000 	C:\Windows\System32\clbcatq.dll
0x00007fffe2150000 - 0x00007fffe5178000 	C:\Windows\System32\DriverStore\FileRepository\nv_dispi.inf_amd64_c0e159863e7afdde\nvoglv64.dll
0x00007ff891e90000 - 0x00007ff8922fa000 	C:\Windows\System32\SETUPAPI.dll
0x00007ff8934e0000 - 0x00007ff89360a000 	C:\Windows\System32\ole32.dll
0x00007ff88c580000 - 0x00007ff88c594000 	C:\Windows\SYSTEM32\WTSAPI32.dll
0x00007ff890950000 - 0x00007ff89095c000 	C:\Windows\SYSTEM32\CRYPTBASE.DLL
0x00007ff890b60000 - 0x00007ff890b72000 	C:\Windows\SYSTEM32\msasn1.dll
0x00007ff8899d0000 - 0x00007ff889a01000 	C:\Windows\SYSTEM32\cryptnet.dll
0x00007ff8910b0000 - 0x00007ff891206000 	C:\Windows\System32\CRYPT32.dll
0x00007ff889860000 - 0x00007ff8899a8000 	C:\Windows\SYSTEM32\drvstore.dll
0x00007ff891840000 - 0x00007ff8918a8000 	C:\Windows\System32\WINTRUST.dll
0x00007ff888160000 - 0x00007ff88819b000 	C:\Windows\SYSTEM32\dxcore.dll
0x00007ff814910000 - 0x00007ff814bd7000 	C:\Windows\system32\nvspcap64.dll
0x00007ff890500000 - 0x00007ff89054b000 	C:\Windows\SYSTEM32\powrprof.dll
0x00007ff8903c0000 - 0x00007ff8903d2000 	C:\Windows\SYSTEM32\UMPDC.dll
0x00007ff88fd30000 - 0x00007ff88fd8a000 	C:\Windows\SYSTEM32\WINSTA.dll
0x00007ff87ce50000 - 0x00007ff87cf49000 	C:\Windows\SYSTEM32\textinputframework.dll
0x00007ff8636f0000 - 0x00007ff863887000 	C:\Users\chris\AppData\Local\Temp\lwjglchris\3.3.1-build-7\OpenAL.dll
0x00007ff88b370000 - 0x00007ff88b3f5000 	C:\Windows\System32\MMDevApi.dll
0x00007ff88b420000 - 0x00007ff88b5a2000 	C:\Windows\SYSTEM32\AUDIOSES.DLL
0x00007ff88e680000 - 0x00007ff88e694000 	C:\Windows\SYSTEM32\resourcepolicyclient.dll
0x00007ff86dae0000 - 0x00007ff86db3d000 	C:\Users\chris\AppData\Local\Temp\lwjglchris\3.3.1-build-7\lwjgl_opengl.dll
0x00007ff88f850000 - 0x00007ff88f85d000 	C:\Windows\SYSTEM32\HID.DLL
0x00007ff86d330000 - 0x00007ff86d3b1000 	C:\Users\chris\AppData\Local\Temp\lwjglchris\3.3.1-build-7\lwjgl_stb.dll

dbghelp: loaded successfully - version: 4.0.5 - missing functions: none
symbol engine: initialized successfully - sym options: 0x614 - pdb path: .;C:\Program Files\Eclipse Adoptium\jdk-17.0.2.8-hotspot\bin;C:\Windows\SYSTEM32;C:\Windows\WinSxS\amd64_microsoft.windows.common-controls_6595b64144ccf1df_6.0.19041.1110_none_60b5254171f9507e;C:\Program Files\Eclipse Adoptium\jdk-17.0.2.8-hotspot\bin\server;C:\Users\chris\AppData\Local\Temp\lwjglchris\3.3.1-build-7;C:\Windows\System32\DriverStore\FileRepository\nv_dispi.inf_amd64_c0e159863e7afdde

VM Arguments:
jvm_args: -agentlib:jdwp=transport=dt_socket,server=n,suspend=y,address=localhost:63602 -XX:+ShowCodeDetailsInExceptionMessages 
java_command: de.kostari.demo.App
java_class_path (initial): C:\Users\chris\Documents\Coding\Java\cloud\target\classes;C:\Users\chris\.m2\repository\org\joml\joml\1.10.4\joml-1.10.4.jar;C:\Users\chris\.m2\repository\org\lwjgl\lwjgl\3.3.1\lwjgl-3.3.1.jar;C:\Users\chris\.m2\repository\org\lwjgl\lwjgl-glfw\3.3.1\lwjgl-glfw-3.3.1.jar;C:\Users\chris\.m2\repository\org\lwjgl\lwjgl-opengl\3.3.1\lwjgl-opengl-3.3.1.jar;C:\Users\chris\.m2\repository\org\lwjgl\lwjgl-openal\3.3.1\lwjgl-openal-3.3.1.jar;C:\Users\chris\.m2\repository\org\lwjgl\lwjgl-stb\3.3.1\lwjgl-stb-3.3.1.jar;C:\Users\chris\.m2\repository\org\lwjgl\lwjgl\3.3.1\lwjgl-3.3.1-natives-windows.jar;C:\Users\chris\.m2\repository\org\lwjgl\lwjgl-glfw\3.3.1\lwjgl-glfw-3.3.1-natives-windows.jar;C:\Users\chris\.m2\repository\org\lwjgl\lwjgl-opengl\3.3.1\lwjgl-opengl-3.3.1-natives-windows.jar;C:\Users\chris\.m2\repository\org\lwjgl\lwjgl-openal\3.3.1\lwjgl-openal-3.3.1-natives-windows.jar;C:\Users\chris\.m2\repository\org\lwjgl\lwjgl-stb\3.3.1\lwjgl-stb-3.3.1-natives-windows.jar;C:\Users\chris\.m2\repository\org\jbox2d\jbox2d-library\2.2.1.1\jbox2d-library-2.2.1.1.jar
Launcher Type: SUN_STANDARD

[Global flags]
     intx CICompilerCount                          = 12                                        {product} {ergonomic}
     uint ConcGCThreads                            = 3                                         {product} {ergonomic}
     uint G1ConcRefinementThreads                  = 13                                        {product} {ergonomic}
   size_t G1HeapRegionSize                         = 4194304                                   {product} {ergonomic}
    uintx GCDrainStackTargetSize                   = 64                                        {product} {ergonomic}
   size_t InitialHeapSize                          = 536870912                                 {product} {ergonomic}
   size_t MarkStackSize                            = 4194304                                   {product} {ergonomic}
   size_t MaxHeapSize                              = 8573157376                                {product} {ergonomic}
   size_t MaxNewSize                               = 5142216704                                {product} {ergonomic}
   size_t MinHeapDeltaBytes                        = 4194304                                   {product} {ergonomic}
   size_t MinHeapSize                              = 8388608                                   {product} {ergonomic}
    uintx NonNMethodCodeHeapSize                   = 7602480                                {pd product} {ergonomic}
    uintx NonProfiledCodeHeapSize                  = 122027880                              {pd product} {ergonomic}
    uintx ProfiledCodeHeapSize                     = 122027880                              {pd product} {ergonomic}
    uintx ReservedCodeCacheSize                    = 251658240                              {pd product} {ergonomic}
     bool SegmentedCodeCache                       = true                                      {product} {ergonomic}
     bool ShowCodeDetailsInExceptionMessages       = true                                   {manageable} {command line}
   size_t SoftMaxHeapSize                          = 8573157376                             {manageable} {ergonomic}
     bool UseCompressedClassPointers               = true                           {product lp64_product} {ergonomic}
     bool UseCompressedOops                        = true                           {product lp64_product} {ergonomic}
     bool UseG1GC                                  = true                                      {product} {ergonomic}
     bool UseLargePagesIndividualAllocation        = false                                  {pd product} {ergonomic}

Logging:
Log output configuration:
 #0: stdout all=warning uptime,level,tags
 #1: stderr all=off uptime,level,tags

Environment Variables:
JAVA_HOME=C:\Program Files\Eclipse Adoptium\jdk-17.0.2.8-hotspot\
PATH=C:\Program Files\Eclipse Adoptium\jdk-17.0.2.8-hotspot\bin;C:\Program Files\Common Files\Oracle\Java\javapath;C:\Program Files (x86)\Common Files\Oracle\Java\javapath;C:\Program Files (x86)\Common Files\Intel\Shared Libraries\redist\intel64\compiler;C:\Windows\system32;C:\Windows;C:\Windows\System32\Wbem;C:\Windows\System32\WindowsPowerShell\v1.0\;C:\Windows\System32\OpenSSH\;C:\Program Files\NVIDIA Corporation\NVIDIA NvDLISR;C:\Program Files (x86)\NVIDIA Corporation\PhysX\Common;C:\Program Files\nodejs\;C:\Program Files\Git\cmd;C:\Program Files\GitHub CLI\;C:\Program Files\dotnet\;C:\Gradle\gradle-7-4-1\bin;C:\Users\chris\AppData\Local\Programs\Python\Python310\Scripts\;C:\Users\chris\AppData\Local\Programs\Python\Python310\;C:\Users\chris\AppData\Local\Microsoft\WindowsApps;;C:\Users\chris\AppData\Local\Programs\Microsoft VS Code\bin;C:\Users\chris\AppData\Roaming\npm
USERNAME=chris
LANG=de_DE.UTF-8
OS=Windows_NT
PROCESSOR_IDENTIFIER=AMD64 Family 25 Model 33 Stepping 0, AuthenticAMD



---------------  S Y S T E M  ---------------

OS:
 Windows 10 , 64 bit Build 19041 (10.0.19041.1645)
OS uptime: 0 days 0:26 hours

CPU: total 16 (initial active 16) (16 cores per cpu, 2 threads per core) family 25 model 33 stepping 0 microcode 0x0, cx8, cmov, fxsr, ht, mmx, 3dnowpref, sse, sse2, sse3, ssse3, sse4a, sse4.1, sse4.2, popcnt, lzcnt, tsc, tscinvbit, avx, avx2, aes, erms, clmul, bmi1, bmi2, adx, sha, fma, vzeroupper, clflush, clflushopt

Memory: 4k page, system-wide physical 32693M (24568M free)
TotalPageFile size 37557M (AvailPageFile size 26108M)
current process WorkingSet (physical memory assigned to process): 109M, peak: 113M
current process commit charge ("private bytes"): 718M, peak: 721M

vm_info: OpenJDK 64-Bit Server VM (17.0.2+8) for windows-amd64 JRE (17.0.2+8), built on Jan 20 2022 04:52:34 by "" with MS VC++ 16.7 (VS2019)

END.
